--- Ontology Traversor ---
--- Type of modules: LUM
Used Memory before: 493694 KB.
Signature : http://snomed.org/89811004
Signature : http://snomed.org/12738006
Matched 2 entities in the ontology
(Ontology Loaded to OWLOntology - RAM Beginning:493694: KB. RAM End:642288: KB. RAM Diff:148594: KB.)
Module size (axioms) Iter 1: 47
Module size (axioms) Iter 2: 2
(Extracting memory:493694: KB. RAM End:712798: KB. RAM Diff:219104: KB.)
AxiomCount in Ontology : 2
* Desired Axioms: 2
(Extracting New Ontology : 2182 msec.)
--- Stats ---
initial signature: 2
module signature: 2
* Axioms written to File: /Users/isa/OneDrive/CodesWS/KnowledgeExtractor.v.1.0/assets/output/LUM-snomed_jan17.owl
(Writing New Ontology : 1 msec.)
RAM Beginning:493694: KB. RAM End:712798: KB. RAM Diff:219104: KB.
TOTAL PROCESSING TIME : 2183 msec.
--- The End ---
