--- Ontology Traversor ---
--- Type of modules: ULM
Used Memory before: 712798 KB.
Signature : http://snomed.org/89811004
Signature : http://snomed.org/12738006
Matched 2 entities in the ontology
(Ontology Loaded to OWLOntology - RAM Beginning:712798: KB. RAM End:825052: KB. RAM Diff:112254: KB.)
Module size (axioms) Iter 1: 623676
Module size (axioms) Iter 2: 42
(Extracting memory:712798: KB. RAM End:605750: KB. RAM Diff:-107048: KB.)
AxiomCount in Ontology : 42
* Desired Axioms: 2
(Extracting New Ontology : 10938 msec.)
--- Stats ---
initial signature: 2
module signature: 22
* Axioms written to File: /Users/isa/OneDrive/CodesWS/KnowledgeExtractor.v.1.0/assets/output/ULM-snomed_jan17.owl
(Writing New Ontology : 1 msec.)
RAM Beginning:712798: KB. RAM End:605750: KB. RAM Diff:-107048: KB.
TOTAL PROCESSING TIME : 10939 msec.
--- The End ---
