--- Ontology Traversor ---
Used Memory before: 359184 KB.
Signature : <http://snomed.org/89811004>
Signature : <http://snomed.org/12738006>
(Ontology Loaded to OWLOntology - RAM Beginning:359184: KB. RAM End:435931: KB. RAM Diff:76747: KB.)
(Loading Ontology by OWLAPI : 209061 msec.)
(Copying Axioms to Hashset - RAM Beginning:359184: KB. RAM End:435144: KB. RAM Diff:75960: KB.)
(Copying Axioms to Hashset took : 30481 msec.)
AxiomCount in Ontology : 650377
* Desired Axioms: 2
* iterationCount: 1
Axioms.size(): 408
DesiredSignatures.size(): 906
ContinueIteration: true
dAxiomsOfOntology Size : 649969
* iterationCount: 2
Axioms.size(): 132851
DesiredSignatures.size(): 159677
ContinueIteration: true
dAxiomsOfOntology Size : 517526
* iterationCount: 3
Axioms.size(): 388131
DesiredSignatures.size(): 231121
ContinueIteration: true
dAxiomsOfOntology Size : 262246
* MAX AXIOM REACHED:398397
* iterationCount: 4
Axioms.size(): 398397
DesiredSignatures.size(): 231121
ContinueIteration: false
dAxiomsOfOntology Size : 262246
(Extracting New Ontology : 124777 msec.)
--- Stats ---
* Axioms written to File: /storage/emulated/0/Download/ontologies/output/snomed_jan17_398397.owl
(Writing New Ontology : 76739 msec.)
RAM Beginning:359184: KB. RAM End:437449: KB. RAM Diff:78265: KB.
TOTAL PROCESSING TIME : 231998 msec.
--- The End ---
