--- Ontology Traversor ---
Used Memory before: 289015 KB.
Signature : <http://snomed.org/89811004>
Signature : <http://snomed.org/12738006>
(Ontology Loaded to OWLOntology - RAM Beginning:289015: KB. RAM End:450434: KB. RAM Diff:161419: KB.)
(Loading Ontology by OWLAPI : 198942 msec.)
(Copying Axioms to Hashset - RAM Beginning:289015: KB. RAM End:461431: KB. RAM Diff:172416: KB.)
(Copying Axioms to Hashset took : 7374 msec.)
AxiomCount in Ontology : 650377
* Desired Axioms: 2
* iterationCount: 1
Axioms.size(): 408
DesiredSignatures.size(): 906
ContinueIteration: true
dAxiomsOfOntology Size : 649969
* iterationCount: 2
Axioms.size(): 132851
DesiredSignatures.size(): 159677
ContinueIteration: true
dAxiomsOfOntology Size : 517526
* MAX AXIOM REACHED:310916
* iterationCount: 3
Axioms.size(): 310916
DesiredSignatures.size(): 159677
ContinueIteration: false
dAxiomsOfOntology Size : 517526
(Extracting New Ontology : 120152 msec.)
--- Stats ---
* Axioms written to File: /storage/emulated/0/Download/ontologies/output/snomed_jan17_310916.owl
(Writing New Ontology : 71624 msec.)
RAM Beginning:289015: KB. RAM End:406822: KB. RAM Diff:117807: KB.
TOTAL PROCESSING TIME : 199151 msec.
--- The End ---
