--- Ontology Traversor ---
Used Memory before: 79236 KB.
Signature : <http://snomed.org/89811004>
Signature : <http://snomed.org/12738006>
(Ontology Loaded to OWLOntology - RAM Beginning:79236: KB. RAM End:448482: KB. RAM Diff:369246: KB.)
(Loading Ontology by OWLAPI : 195116 msec.)
(Copying Axioms to Hashset - RAM Beginning:79236: KB. RAM End:434887: KB. RAM Diff:355651: KB.)
(Copying Axioms to Hashset took : 12483 msec.)
AxiomCount in Ontology : 650377
* Desired Axioms: 2
* iterationCount: 1
Axioms.size(): 408
DesiredSignatures.size(): 906
ContinueIteration: true
dAxiomsOfOntology Size : 649969
* MAX AXIOM REACHED:79793
* iterationCount: 2
Axioms.size(): 79793
DesiredSignatures.size(): 906
ContinueIteration: false
dAxiomsOfOntology Size : 649969
(Extracting New Ontology : 61979 msec.)
--- Stats ---
* Axioms written to File: /storage/emulated/0/Download/ontologies/output/snomed_jan17_79793.owl
(Writing New Ontology : 29133 msec.)
RAM Beginning:79236: KB. RAM End:164202: KB. RAM Diff:84966: KB.
TOTAL PROCESSING TIME : 103595 msec.
--- The End ---
