--- Ontology Traversor ---
Used Memory before: 8188 KB.
Signature : <http://snomed.org/89811004>
Signature : <http://snomed.org/12738006>
(Ontology Loaded to OWLOntology - RAM Beginning:8188: KB. RAM End:448022: KB. RAM Diff:439834: KB.)
(Loading Ontology by OWLAPI : 195773 msec.)
(Copying Axioms to Hashset - RAM Beginning:8188: KB. RAM End:473646: KB. RAM Diff:465458: KB.)
(Copying Axioms to Hashset took : 5349 msec.)
AxiomCount in Ontology : 650377
* Desired Axioms: 2
* iterationCount: 1
Axioms.size(): 408
DesiredSignatures.size(): 906
ContinueIteration: true
dAxiomsOfOntology Size : 649969
* MAX AXIOM REACHED:15286
* iterationCount: 2
Axioms.size(): 15286
DesiredSignatures.size(): 906
ContinueIteration: false
dAxiomsOfOntology Size : 649969
(Extracting New Ontology : 40811 msec.)
--- Stats ---
* Axioms written to File: /storage/emulated/0/Download/ontologies/output/snomed_jan17_15286.owl
(Writing New Ontology : 6010 msec.)
RAM Beginning:8188: KB. RAM End:79231: KB. RAM Diff:71043: KB.
TOTAL PROCESSING TIME : 52170 msec.
--- The End ---
