--- Ontology Traversor ---
Used Memory before: 624955 KB.
Signature : <http://snomed.org/89811004>
Signature : <http://snomed.org/12738006>
(Ontology Loaded to OWLOntology - RAM Beginning:624955: KB. RAM End:348749: KB. RAM Diff:-276206: KB.)
(Loading Ontology by OWLAPI : 295229 msec.)
(Copying Axioms to Hashset - RAM Beginning:624955: KB. RAM End:439187: KB. RAM Diff:-185768: KB.)
(Copying Axioms to Hashset took : 437 msec.)
AxiomCount in Ontology : 650377
* Desired Axioms: 2
* iterationCount: 1
Axioms.size(): 408
DesiredSignatures.size(): 906
ContinueIteration: true
dAxiomsOfOntology Size : 649969
* iterationCount: 2
Axioms.size(): 132851
DesiredSignatures.size(): 159677
ContinueIteration: true
dAxiomsOfOntology Size : 517526
* MAX AXIOM REACHED:310000
* iterationCount: 3
Axioms.size(): 310000
DesiredSignatures.size(): 159677
ContinueIteration: false
dAxiomsOfOntology Size : 517526
(Extracting New Ontology : 3236 msec.)
--- Stats ---
* Axioms written to File: C:\Users\r01ig15\OneDrive\CodesWS\KnowledgeExtractor.v.1.0\assets\output\snomed_jan17_310000.owl
(Writing New Ontology : 3649 msec.)
RAM Beginning:624955: KB. RAM End:685723: KB. RAM Diff:60768: KB.
TOTAL PROCESSING TIME : 7323 msec.
--- The End ---
