--- Ontology Traversor ---
Used Memory before: 677097 KB.
Signature : <http://snomed.org/89811004>
Signature : <http://snomed.org/12738006>
(Ontology Loaded to OWLOntology - RAM Beginning:677097: KB. RAM End:807253: KB. RAM Diff:130156: KB.)
(Loading Ontology by OWLAPI : 302818 msec.)
(Copying Axioms to Hashset - RAM Beginning:677097: KB. RAM End:901841: KB. RAM Diff:224744: KB.)
(Copying Axioms to Hashset took : 454 msec.)
AxiomCount in Ontology : 650377
* Desired Axioms: 2
* iterationCount: 1
Axioms.size(): 408
DesiredSignatures.size(): 906
ContinueIteration: true
dAxiomsOfOntology Size : 649969
* iterationCount: 2
Axioms.size(): 132851
DesiredSignatures.size(): 159677
ContinueIteration: true
dAxiomsOfOntology Size : 517526
* MAX AXIOM REACHED:370000
* iterationCount: 3
Axioms.size(): 370000
DesiredSignatures.size(): 159677
ContinueIteration: false
dAxiomsOfOntology Size : 517526
(Extracting New Ontology : 3548 msec.)
--- Stats ---
* Axioms written to File: C:\Users\r01ig15\OneDrive\CodesWS\KnowledgeExtractor.v.1.0\assets\output\snomed_jan17_370000.owl
(Writing New Ontology : 4213 msec.)
RAM Beginning:677097: KB. RAM End:1150897: KB. RAM Diff:473800: KB.
TOTAL PROCESSING TIME : 8216 msec.
--- The End ---
