--- Ontology Traversor ---
Used Memory before: 600139 KB.
Signature : <http://snomed.org/89811004>
Signature : <http://snomed.org/12738006>
(Ontology Loaded to OWLOntology - RAM Beginning:600139: KB. RAM End:973348: KB. RAM Diff:373209: KB.)
(Loading Ontology by OWLAPI : 294411 msec.)
(Copying Axioms to Hashset - RAM Beginning:600139: KB. RAM End:1068588: KB. RAM Diff:468449: KB.)
(Copying Axioms to Hashset took : 463 msec.)
AxiomCount in Ontology : 650377
* Desired Axioms: 2
* iterationCount: 1
Axioms.size(): 408
DesiredSignatures.size(): 906
ContinueIteration: true
dAxiomsOfOntology Size : 649969
* iterationCount: 2
Axioms.size(): 132851
DesiredSignatures.size(): 159677
ContinueIteration: true
dAxiomsOfOntology Size : 517526
* iterationCount: 3
Axioms.size(): 388131
DesiredSignatures.size(): 231121
ContinueIteration: true
dAxiomsOfOntology Size : 262246
* MAX AXIOM REACHED:390000
* iterationCount: 4
Axioms.size(): 390000
DesiredSignatures.size(): 231121
ContinueIteration: false
dAxiomsOfOntology Size : 262246
(Extracting New Ontology : 4736 msec.)
--- Stats ---
* Axioms written to File: C:\Users\r01ig15\OneDrive\CodesWS\KnowledgeExtractor.v.1.0\assets\output\snomed_jan17_390000.owl
(Writing New Ontology : 3994 msec.)
RAM Beginning:600139: KB. RAM End:785285: KB. RAM Diff:185146: KB.
TOTAL PROCESSING TIME : 9194 msec.
--- The End ---
