--- Ontology Traversor ---
Used Memory before: 481218 KB.
Signature : <http://snomed.org/89811004>
Signature : <http://snomed.org/12738006>
(Ontology Loaded to OWLOntology - RAM Beginning:481218: KB. RAM End:1003240: KB. RAM Diff:522022: KB.)
(Loading Ontology by OWLAPI : 338992 msec.)
(Copying Axioms to Hashset - RAM Beginning:481218: KB. RAM End:829837: KB. RAM Diff:348619: KB.)
(Copying Axioms to Hashset took : 602 msec.)
AxiomCount in Ontology : 650377
* Desired Axioms: 2
* iterationCount: 1
Axioms.size(): 408
DesiredSignatures.size(): 906
ContinueIteration: true
dAxiomsOfOntology Size : 649969
* iterationCount: 2
Axioms.size(): 132851
DesiredSignatures.size(): 159677
ContinueIteration: true
dAxiomsOfOntology Size : 517526
* MAX AXIOM REACHED:270000
* iterationCount: 3
Axioms.size(): 270000
DesiredSignatures.size(): 159677
ContinueIteration: false
dAxiomsOfOntology Size : 517526
(Extracting New Ontology : 4437 msec.)
--- Stats ---
* Axioms written to File: C:\Users\r01ig15\OneDrive\CodesWS\KnowledgeExtractor.v.1.0\assets\output\snomed_jan17_270000.owl
(Writing New Ontology : 3278 msec.)
RAM Beginning:481218: KB. RAM End:735279: KB. RAM Diff:254061: KB.
TOTAL PROCESSING TIME : 8319 msec.
--- The End ---
