--- Ontology Traversor ---
Used Memory before: 829879 KB.
Signature : <http://snomed.org/89811004>
Signature : <http://snomed.org/12738006>
(Ontology Loaded to OWLOntology - RAM Beginning:829879: KB. RAM End:512940: KB. RAM Diff:-316939: KB.)
(Loading Ontology by OWLAPI : 296857 msec.)
(Copying Axioms to Hashset - RAM Beginning:829879: KB. RAM End:602693: KB. RAM Diff:-227186: KB.)
(Copying Axioms to Hashset took : 461 msec.)
AxiomCount in Ontology : 650377
* Desired Axioms: 2
* iterationCount: 1
Axioms.size(): 408
DesiredSignatures.size(): 906
ContinueIteration: true
dAxiomsOfOntology Size : 649969
* iterationCount: 2
Axioms.size(): 132851
DesiredSignatures.size(): 159677
ContinueIteration: true
dAxiomsOfOntology Size : 517526
* iterationCount: 3
Axioms.size(): 388131
DesiredSignatures.size(): 231121
ContinueIteration: true
dAxiomsOfOntology Size : 262246
* MAX AXIOM REACHED:430000
* iterationCount: 4
Axioms.size(): 430000
DesiredSignatures.size(): 231121
ContinueIteration: false
dAxiomsOfOntology Size : 262246
(Extracting New Ontology : 4209 msec.)
--- Stats ---
* Axioms written to File: C:\Users\r01ig15\OneDrive\CodesWS\KnowledgeExtractor.v.1.0\assets\output\snomed_jan17_430000.owl
(Writing New Ontology : 4497 msec.)
RAM Beginning:829879: KB. RAM End:1050117: KB. RAM Diff:220238: KB.
TOTAL PROCESSING TIME : 9168 msec.
--- The End ---
