--- Ontology Traversor ---
Used Memory before: 426113 KB.
Signature : <http://snomed.org/89811004>
Signature : <http://snomed.org/12738006>
(Ontology Loaded to OWLOntology - RAM Beginning:426113: KB. RAM End:651067: KB. RAM Diff:224954: KB.)
(Loading Ontology by OWLAPI : 292709 msec.)
(Copying Axioms to Hashset - RAM Beginning:426113: KB. RAM End:742754: KB. RAM Diff:316641: KB.)
(Copying Axioms to Hashset took : 445 msec.)
AxiomCount in Ontology : 650377
* Desired Axioms: 2
* iterationCount: 1
Axioms.size(): 408
DesiredSignatures.size(): 906
ContinueIteration: true
dAxiomsOfOntology Size : 649969
* iterationCount: 2
Axioms.size(): 132851
DesiredSignatures.size(): 159677
ContinueIteration: true
dAxiomsOfOntology Size : 517526
* MAX AXIOM REACHED:230000
* iterationCount: 3
Axioms.size(): 230000
DesiredSignatures.size(): 159677
ContinueIteration: false
dAxiomsOfOntology Size : 517526
(Extracting New Ontology : 2979 msec.)
--- Stats ---
* Axioms written to File: C:\Users\r01ig15\OneDrive\CodesWS\KnowledgeExtractor.v.1.0\assets\output\snomed_jan17_230000.owl
(Writing New Ontology : 3787 msec.)
RAM Beginning:426113: KB. RAM End:265381: KB. RAM Diff:-160732: KB.
TOTAL PROCESSING TIME : 7213 msec.
--- The End ---
