--- Ontology Traversor ---
Used Memory before: 1050117 KB.
Signature : <http://snomed.org/89811004>
Signature : <http://snomed.org/12738006>
(Ontology Loaded to OWLOntology - RAM Beginning:1050117: KB. RAM End:740596: KB. RAM Diff:-309521: KB.)
(Loading Ontology by OWLAPI : 293728 msec.)
(Copying Axioms to Hashset - RAM Beginning:1050117: KB. RAM End:715579: KB. RAM Diff:-334538: KB.)
(Copying Axioms to Hashset took : 889 msec.)
AxiomCount in Ontology : 650377
* Desired Axioms: 2
* iterationCount: 1
Axioms.size(): 408
DesiredSignatures.size(): 906
ContinueIteration: true
dAxiomsOfOntology Size : 649969
* iterationCount: 2
Axioms.size(): 132851
DesiredSignatures.size(): 159677
ContinueIteration: true
dAxiomsOfOntology Size : 517526
* iterationCount: 3
Axioms.size(): 388131
DesiredSignatures.size(): 231121
ContinueIteration: true
dAxiomsOfOntology Size : 262246
* MAX AXIOM REACHED:440000
* iterationCount: 4
Axioms.size(): 440000
DesiredSignatures.size(): 231121
ContinueIteration: false
dAxiomsOfOntology Size : 262246
(Extracting New Ontology : 4055 msec.)
--- Stats ---
* Axioms written to File: C:\Users\r01ig15\OneDrive\CodesWS\KnowledgeExtractor.v.1.0\assets\output\snomed_jan17_440000.owl
(Writing New Ontology : 5529 msec.)
RAM Beginning:1050117: KB. RAM End:390725: KB. RAM Diff:-659392: KB.
TOTAL PROCESSING TIME : 10474 msec.
--- The End ---
