--- Ontology Traversor ---
Used Memory before: 478312 KB.
Signature : <http://snomed.org/89811004>
Signature : <http://snomed.org/12738006>
(Ontology Loaded to OWLOntology - RAM Beginning:478312: KB. RAM End:895412: KB. RAM Diff:417100: KB.)
(Loading Ontology by OWLAPI : 293082 msec.)
(Copying Axioms to Hashset - RAM Beginning:478312: KB. RAM End:709539: KB. RAM Diff:231227: KB.)
(Copying Axioms to Hashset took : 576 msec.)
AxiomCount in Ontology : 650377
* Desired Axioms: 2
* iterationCount: 1
Axioms.size(): 408
DesiredSignatures.size(): 906
ContinueIteration: true
dAxiomsOfOntology Size : 649969
* iterationCount: 2
Axioms.size(): 132851
DesiredSignatures.size(): 159677
ContinueIteration: true
dAxiomsOfOntology Size : 517526
* MAX AXIOM REACHED:190000
* iterationCount: 3
Axioms.size(): 190000
DesiredSignatures.size(): 159677
ContinueIteration: false
dAxiomsOfOntology Size : 517526
(Extracting New Ontology : 3871 msec.)
--- Stats ---
* Axioms written to File: C:\Users\r01ig15\OneDrive\CodesWS\KnowledgeExtractor.v.1.0\assets\output\snomed_jan17_190000.owl
(Writing New Ontology : 2673 msec.)
RAM Beginning:478312: KB. RAM End:692563: KB. RAM Diff:214251: KB.
TOTAL PROCESSING TIME : 7121 msec.
--- The End ---
