--- Ontology Traversor ---
Used Memory before: 835902 KB.
Signature : <http://snomed.org/89811004>
Signature : <http://snomed.org/12738006>
(Ontology Loaded to OWLOntology - RAM Beginning:835902: KB. RAM End:1098806: KB. RAM Diff:262904: KB.)
(Loading Ontology by OWLAPI : 292532 msec.)
(Copying Axioms to Hashset - RAM Beginning:835902: KB. RAM End:945381: KB. RAM Diff:109479: KB.)
(Copying Axioms to Hashset took : 569 msec.)
AxiomCount in Ontology : 650377
* Desired Axioms: 2
* iterationCount: 1
Axioms.size(): 408
DesiredSignatures.size(): 906
ContinueIteration: true
dAxiomsOfOntology Size : 649969
* iterationCount: 2
Axioms.size(): 132851
DesiredSignatures.size(): 159677
ContinueIteration: true
dAxiomsOfOntology Size : 517526
* iterationCount: 3
Axioms.size(): 388131
DesiredSignatures.size(): 231121
ContinueIteration: true
dAxiomsOfOntology Size : 262246
* iterationCount: 4
Axioms.size(): 505416
DesiredSignatures.size(): 274658
ContinueIteration: true
dAxiomsOfOntology Size : 144961
* MAX AXIOM REACHED:540000
* iterationCount: 5
Axioms.size(): 540000
DesiredSignatures.size(): 274658
ContinueIteration: false
dAxiomsOfOntology Size : 144961
(Extracting New Ontology : 5398 msec.)
--- Stats ---
* Axioms written to File: C:\Users\r01ig15\OneDrive\CodesWS\KnowledgeExtractor.v.1.0\assets\output\snomed_jan17_540000.owl
(Writing New Ontology : 5152 msec.)
RAM Beginning:835902: KB. RAM End:773191: KB. RAM Diff:-62711: KB.
TOTAL PROCESSING TIME : 11120 msec.
--- The End ---
