--- Ontology Traversor ---
Used Memory before: 332452 KB.
Signature : <http://snomed.org/89811004>
Signature : <http://snomed.org/12738006>
(Ontology Loaded to OWLOntology - RAM Beginning:332452: KB. RAM End:666209: KB. RAM Diff:333757: KB.)
(Loading Ontology by OWLAPI : 293801 msec.)
(Copying Axioms to Hashset - RAM Beginning:332452: KB. RAM End:760591: KB. RAM Diff:428139: KB.)
(Copying Axioms to Hashset took : 449 msec.)
AxiomCount in Ontology : 650377
* Desired Axioms: 2
* iterationCount: 1
Axioms.size(): 408
DesiredSignatures.size(): 906
ContinueIteration: true
dAxiomsOfOntology Size : 649969
* iterationCount: 2
Axioms.size(): 132851
DesiredSignatures.size(): 159677
ContinueIteration: true
dAxiomsOfOntology Size : 517526
* MAX AXIOM REACHED:340000
* iterationCount: 3
Axioms.size(): 340000
DesiredSignatures.size(): 159677
ContinueIteration: false
dAxiomsOfOntology Size : 517526
(Extracting New Ontology : 3428 msec.)
--- Stats ---
* Axioms written to File: C:\Users\r01ig15\OneDrive\CodesWS\KnowledgeExtractor.v.1.0\assets\output\snomed_jan17_340000.owl
(Writing New Ontology : 4894 msec.)
RAM Beginning:332452: KB. RAM End:559505: KB. RAM Diff:227053: KB.
TOTAL PROCESSING TIME : 8772 msec.
--- The End ---
