--- Ontology Traversor ---
Used Memory before: 564521 KB.
Signature : <http://snomed.org/89811004>
Signature : <http://snomed.org/12738006>
(Ontology Loaded to OWLOntology - RAM Beginning:564521: KB. RAM End:710430: KB. RAM Diff:145909: KB.)
(Loading Ontology by OWLAPI : 325898 msec.)
(Copying Axioms to Hashset - RAM Beginning:564521: KB. RAM End:797719: KB. RAM Diff:233198: KB.)
(Copying Axioms to Hashset took : 418 msec.)
AxiomCount in Ontology : 650377
* Desired Axioms: 2
* iterationCount: 1
Axioms.size(): 408
DesiredSignatures.size(): 906
ContinueIteration: true
dAxiomsOfOntology Size : 649969
* iterationCount: 2
Axioms.size(): 132851
DesiredSignatures.size(): 159677
ContinueIteration: true
dAxiomsOfOntology Size : 517526
* MAX AXIOM REACHED:250000
* iterationCount: 3
Axioms.size(): 250000
DesiredSignatures.size(): 159677
ContinueIteration: false
dAxiomsOfOntology Size : 517526
(Extracting New Ontology : 3200 msec.)
--- Stats ---
* Axioms written to File: C:\Users\r01ig15\OneDrive\CodesWS\KnowledgeExtractor.v.1.0\assets\output\snomed_jan17_250000.owl
(Writing New Ontology : 3844 msec.)
RAM Beginning:564521: KB. RAM End:549455: KB. RAM Diff:-15066: KB.
TOTAL PROCESSING TIME : 7462 msec.
--- The End ---
