--- Ontology Traversor ---
Used Memory before: 294566 KB.
Signature : <http://snomed.org/89811004>
Signature : <http://snomed.org/12738006>
(Ontology Loaded to OWLOntology - RAM Beginning:294566: KB. RAM End:679190: KB. RAM Diff:384624: KB.)
(Loading Ontology by OWLAPI : 296881 msec.)
(Copying Axioms to Hashset - RAM Beginning:294566: KB. RAM End:667538: KB. RAM Diff:372972: KB.)
(Copying Axioms to Hashset took : 1033 msec.)
AxiomCount in Ontology : 650377
* Desired Axioms: 2
* iterationCount: 1
Axioms.size(): 408
DesiredSignatures.size(): 906
ContinueIteration: true
dAxiomsOfOntology Size : 649969
* MAX AXIOM REACHED:8000
* iterationCount: 2
Axioms.size(): 8000
DesiredSignatures.size(): 906
ContinueIteration: false
dAxiomsOfOntology Size : 649969
(Extracting New Ontology : 2355 msec.)
--- Stats ---
* Axioms written to File: C:\Users\r01ig15\OneDrive\CodesWS\KnowledgeExtractor.v.1.0\assets\output\snomed_jan17_8000.owl
(Writing New Ontology : 176 msec.)
RAM Beginning:294566: KB. RAM End:341697: KB. RAM Diff:47131: KB.
TOTAL PROCESSING TIME : 3564 msec.
--- The End ---
