--- Ontology Traversor ---
Used Memory before: 524348 KB.
Signature : <http://snomed.org/89811004>
Signature : <http://snomed.org/12738006>
(Ontology Loaded to OWLOntology - RAM Beginning:524348: KB. RAM End:627271: KB. RAM Diff:102923: KB.)
(Loading Ontology by OWLAPI : 292155 msec.)
(Copying Axioms to Hashset - RAM Beginning:524348: KB. RAM End:722066: KB. RAM Diff:197718: KB.)
(Copying Axioms to Hashset took : 441 msec.)
AxiomCount in Ontology : 650377
* Desired Axioms: 2
* iterationCount: 1
Axioms.size(): 408
DesiredSignatures.size(): 906
ContinueIteration: true
dAxiomsOfOntology Size : 649969
* MAX AXIOM REACHED:130000
* iterationCount: 2
Axioms.size(): 130000
DesiredSignatures.size(): 906
ContinueIteration: false
dAxiomsOfOntology Size : 649969
(Extracting New Ontology : 3641 msec.)
--- Stats ---
* Axioms written to File: C:\Users\r01ig15\OneDrive\CodesWS\KnowledgeExtractor.v.1.0\assets\output\snomed_jan17_130000.owl
(Writing New Ontology : 2202 msec.)
RAM Beginning:524348: KB. RAM End:630302: KB. RAM Diff:105954: KB.
TOTAL PROCESSING TIME : 6284 msec.
--- The End ---
