--- Ontology Traversor ---
Used Memory before: 647163 KB.
Signature : <http://snomed.org/89811004>
Signature : <http://snomed.org/12738006>
(Ontology Loaded to OWLOntology - RAM Beginning:647163: KB. RAM End:647334: KB. RAM Diff:171: KB.)
(Loading Ontology by OWLAPI : 295545 msec.)
(Copying Axioms to Hashset - RAM Beginning:647163: KB. RAM End:734935: KB. RAM Diff:87772: KB.)
(Copying Axioms to Hashset took : 483 msec.)
AxiomCount in Ontology : 650377
* Desired Axioms: 2
* iterationCount: 1
Axioms.size(): 408
DesiredSignatures.size(): 906
ContinueIteration: true
dAxiomsOfOntology Size : 649969
* MAX AXIOM REACHED:25000
* iterationCount: 2
Axioms.size(): 25000
DesiredSignatures.size(): 906
ContinueIteration: false
dAxiomsOfOntology Size : 649969
(Extracting New Ontology : 2875 msec.)
--- Stats ---
* Axioms written to File: C:\Users\r01ig15\OneDrive\CodesWS\KnowledgeExtractor.v.1.0\assets\output\snomed_jan17_25000.owl
(Writing New Ontology : 450 msec.)
RAM Beginning:647163: KB. RAM End:387546: KB. RAM Diff:-259617: KB.
TOTAL PROCESSING TIME : 3809 msec.
--- The End ---
