--- Ontology Traversor ---
Used Memory before: 385203 KB.
Signature : <http://snomed.org/89811004>
Signature : <http://snomed.org/12738006>
(Ontology Loaded to OWLOntology - RAM Beginning:385203: KB. RAM End:674200: KB. RAM Diff:288997: KB.)
(Loading Ontology by OWLAPI : 296199 msec.)
(Copying Axioms to Hashset - RAM Beginning:385203: KB. RAM End:770765: KB. RAM Diff:385562: KB.)
(Copying Axioms to Hashset took : 455 msec.)
AxiomCount in Ontology : 650377
* Desired Axioms: 2
* iterationCount: 1
Axioms.size(): 408
DesiredSignatures.size(): 906
ContinueIteration: true
dAxiomsOfOntology Size : 649969
* MAX AXIOM REACHED:50000
* iterationCount: 2
Axioms.size(): 50000
DesiredSignatures.size(): 906
ContinueIteration: false
dAxiomsOfOntology Size : 649969
(Extracting New Ontology : 2765 msec.)
--- Stats ---
* Axioms written to File: C:\Users\r01ig15\OneDrive\CodesWS\KnowledgeExtractor.v.1.0\assets\output\snomed_jan17_50000.owl
(Writing New Ontology : 812 msec.)
RAM Beginning:385203: KB. RAM End:565523: KB. RAM Diff:180320: KB.
TOTAL PROCESSING TIME : 4033 msec.
--- The End ---
