--- Ontology Traversor ---
Used Memory before: 624376 KB.
Signature : <http://snomed.org/89811004>
Signature : <http://snomed.org/12738006>
(Ontology Loaded to OWLOntology - RAM Beginning:624376: KB. RAM End:760642: KB. RAM Diff:136266: KB.)
(Loading Ontology by OWLAPI : 299997 msec.)
(Copying Axioms to Hashset - RAM Beginning:624376: KB. RAM End:847720: KB. RAM Diff:223344: KB.)
(Copying Axioms to Hashset took : 439 msec.)
AxiomCount in Ontology : 650377
* Desired Axioms: 2
* iterationCount: 1
Axioms.size(): 408
DesiredSignatures.size(): 906
ContinueIteration: true
dAxiomsOfOntology Size : 649969
* MAX AXIOM REACHED:85000
* iterationCount: 2
Axioms.size(): 85000
DesiredSignatures.size(): 906
ContinueIteration: false
dAxiomsOfOntology Size : 649969
(Extracting New Ontology : 2993 msec.)
--- Stats ---
* Axioms written to File: C:\Users\r01ig15\OneDrive\CodesWS\KnowledgeExtractor.v.1.0\assets\output\snomed_jan17_85000.owl
(Writing New Ontology : 1300 msec.)
RAM Beginning:624376: KB. RAM End:591896: KB. RAM Diff:-32480: KB.
TOTAL PROCESSING TIME : 4733 msec.
--- The End ---
