--- Ontology Traversor ---
Used Memory before: 773191 KB.
Signature : <http://snomed.org/89811004>
Signature : <http://snomed.org/12738006>
(Ontology Loaded to OWLOntology - RAM Beginning:773191: KB. RAM End:1226250: KB. RAM Diff:453059: KB.)
(Loading Ontology by OWLAPI : 295053 msec.)
(Copying Axioms to Hashset - RAM Beginning:773191: KB. RAM End:1014289: KB. RAM Diff:241098: KB.)
(Copying Axioms to Hashset took : 577 msec.)
AxiomCount in Ontology : 650377
* Desired Axioms: 2
* iterationCount: 1
Axioms.size(): 408
DesiredSignatures.size(): 906
ContinueIteration: true
dAxiomsOfOntology Size : 649969
* iterationCount: 2
Axioms.size(): 132851
DesiredSignatures.size(): 159677
ContinueIteration: true
dAxiomsOfOntology Size : 517526
* iterationCount: 3
Axioms.size(): 388131
DesiredSignatures.size(): 231121
ContinueIteration: true
dAxiomsOfOntology Size : 262246
* iterationCount: 4
Axioms.size(): 505416
DesiredSignatures.size(): 274658
ContinueIteration: true
dAxiomsOfOntology Size : 144961
* MAX AXIOM REACHED:550000
* iterationCount: 5
Axioms.size(): 550000
DesiredSignatures.size(): 274658
ContinueIteration: false
dAxiomsOfOntology Size : 144961
(Extracting New Ontology : 5460 msec.)
--- Stats ---
* Axioms written to File: C:\Users\r01ig15\OneDrive\CodesWS\KnowledgeExtractor.v.1.0\assets\output\snomed_jan17_550000.owl
(Writing New Ontology : 5225 msec.)
RAM Beginning:773191: KB. RAM End:681023: KB. RAM Diff:-92168: KB.
TOTAL PROCESSING TIME : 11263 msec.
--- The End ---
