--- Ontology Traversor ---
Used Memory before: 595613 KB.
Signature : <http://snomed.org/89811004>
Signature : <http://snomed.org/12738006>
(Ontology Loaded to OWLOntology - RAM Beginning:595613: KB. RAM End:815960: KB. RAM Diff:220347: KB.)
(Loading Ontology by OWLAPI : 291559 msec.)
(Copying Axioms to Hashset - RAM Beginning:595613: KB. RAM End:908561: KB. RAM Diff:312948: KB.)
(Copying Axioms to Hashset took : 453 msec.)
AxiomCount in Ontology : 650377
* Desired Axioms: 2
* iterationCount: 1
Axioms.size(): 408
DesiredSignatures.size(): 906
ContinueIteration: true
dAxiomsOfOntology Size : 649969
* iterationCount: 2
Axioms.size(): 132851
DesiredSignatures.size(): 159677
ContinueIteration: true
dAxiomsOfOntology Size : 517526
* iterationCount: 3
Axioms.size(): 388131
DesiredSignatures.size(): 231121
ContinueIteration: true
dAxiomsOfOntology Size : 262246
* MAX AXIOM REACHED:470000
* iterationCount: 4
Axioms.size(): 470000
DesiredSignatures.size(): 231121
ContinueIteration: false
dAxiomsOfOntology Size : 262246
(Extracting New Ontology : 4125 msec.)
--- Stats ---
* Axioms written to File: C:\Users\r01ig15\OneDrive\CodesWS\KnowledgeExtractor.v.1.0\assets\output\snomed_jan17_470000.owl
(Writing New Ontology : 6435 msec.)
RAM Beginning:595613: KB. RAM End:437312: KB. RAM Diff:-158301: KB.
TOTAL PROCESSING TIME : 11013 msec.
--- The End ---
