--- Ontology Traversor ---
Used Memory before: 785285 KB.
Signature : <http://snomed.org/89811004>
Signature : <http://snomed.org/12738006>
(Ontology Loaded to OWLOntology - RAM Beginning:785285: KB. RAM End:886180: KB. RAM Diff:100895: KB.)
(Loading Ontology by OWLAPI : 287655 msec.)
(Copying Axioms to Hashset - RAM Beginning:785285: KB. RAM End:981987: KB. RAM Diff:196702: KB.)
(Copying Axioms to Hashset took : 405 msec.)
AxiomCount in Ontology : 650377
* Desired Axioms: 2
* iterationCount: 1
Axioms.size(): 408
DesiredSignatures.size(): 906
ContinueIteration: true
dAxiomsOfOntology Size : 649969
* iterationCount: 2
Axioms.size(): 132851
DesiredSignatures.size(): 159677
ContinueIteration: true
dAxiomsOfOntology Size : 517526
* iterationCount: 3
Axioms.size(): 388131
DesiredSignatures.size(): 231121
ContinueIteration: true
dAxiomsOfOntology Size : 262246
* MAX AXIOM REACHED:400000
* iterationCount: 4
Axioms.size(): 400000
DesiredSignatures.size(): 231121
ContinueIteration: false
dAxiomsOfOntology Size : 262246
(Extracting New Ontology : 4450 msec.)
--- Stats ---
* Axioms written to File: C:\Users\r01ig15\OneDrive\CodesWS\KnowledgeExtractor.v.1.0\assets\output\snomed_jan17_400000.owl
(Writing New Ontology : 3814 msec.)
RAM Beginning:785285: KB. RAM End:739449: KB. RAM Diff:-45836: KB.
TOTAL PROCESSING TIME : 8669 msec.
--- The End ---
