--- Ontology Traversor ---
Used Memory before: 1150897 KB.
Signature : <http://snomed.org/89811004>
Signature : <http://snomed.org/12738006>
(Ontology Loaded to OWLOntology - RAM Beginning:1150897: KB. RAM End:804424: KB. RAM Diff:-346473: KB.)
(Loading Ontology by OWLAPI : 294380 msec.)
(Copying Axioms to Hashset - RAM Beginning:1150897: KB. RAM End:896534: KB. RAM Diff:-254363: KB.)
(Copying Axioms to Hashset took : 448 msec.)
AxiomCount in Ontology : 650377
* Desired Axioms: 2
* iterationCount: 1
Axioms.size(): 408
DesiredSignatures.size(): 906
ContinueIteration: true
dAxiomsOfOntology Size : 649969
* iterationCount: 2
Axioms.size(): 132851
DesiredSignatures.size(): 159677
ContinueIteration: true
dAxiomsOfOntology Size : 517526
* MAX AXIOM REACHED:380000
* iterationCount: 3
Axioms.size(): 380000
DesiredSignatures.size(): 159677
ContinueIteration: false
dAxiomsOfOntology Size : 517526
(Extracting New Ontology : 5087 msec.)
--- Stats ---
* Axioms written to File: C:\Users\r01ig15\OneDrive\CodesWS\KnowledgeExtractor.v.1.0\assets\output\snomed_jan17_380000.owl
(Writing New Ontology : 4087 msec.)
RAM Beginning:1150897: KB. RAM End:600139: KB. RAM Diff:-550758: KB.
TOTAL PROCESSING TIME : 9623 msec.
--- The End ---
