--- Ontology Traversor ---
Used Memory before: 739449 KB.
Signature : <http://snomed.org/89811004>
Signature : <http://snomed.org/12738006>
(Ontology Loaded to OWLOntology - RAM Beginning:739449: KB. RAM End:906312: KB. RAM Diff:166863: KB.)
(Loading Ontology by OWLAPI : 277711 msec.)
(Copying Axioms to Hashset - RAM Beginning:739449: KB. RAM End:999444: KB. RAM Diff:259995: KB.)
(Copying Axioms to Hashset took : 471 msec.)
AxiomCount in Ontology : 650377
* Desired Axioms: 2
* iterationCount: 1
Axioms.size(): 408
DesiredSignatures.size(): 906
ContinueIteration: true
dAxiomsOfOntology Size : 649969
* iterationCount: 2
Axioms.size(): 132851
DesiredSignatures.size(): 159677
ContinueIteration: true
dAxiomsOfOntology Size : 517526
* iterationCount: 3
Axioms.size(): 388131
DesiredSignatures.size(): 231121
ContinueIteration: true
dAxiomsOfOntology Size : 262246
* MAX AXIOM REACHED:410000
* iterationCount: 4
Axioms.size(): 410000
DesiredSignatures.size(): 231121
ContinueIteration: false
dAxiomsOfOntology Size : 262246
(Extracting New Ontology : 4961 msec.)
--- Stats ---
* Axioms written to File: C:\Users\r01ig15\OneDrive\CodesWS\KnowledgeExtractor.v.1.0\assets\output\snomed_jan17_410000.owl
(Writing New Ontology : 4404 msec.)
RAM Beginning:739449: KB. RAM End:789523: KB. RAM Diff:50074: KB.
TOTAL PROCESSING TIME : 9837 msec.
--- The End ---
