--- Ontology Traversor ---
Used Memory before: 535159 KB.
Signature : <http://snomed.org/89811004>
Signature : <http://snomed.org/12738006>
(Ontology Loaded to OWLOntology - RAM Beginning:535159: KB. RAM End:1039128: KB. RAM Diff:503969: KB.)
(Loading Ontology by OWLAPI : 290948 msec.)
(Copying Axioms to Hashset - RAM Beginning:535159: KB. RAM End:358653: KB. RAM Diff:-176506: KB.)
(Copying Axioms to Hashset took : 1893 msec.)
AxiomCount in Ontology : 650377
* Desired Axioms: 2
* iterationCount: 1
Axioms.size(): 408
DesiredSignatures.size(): 906
ContinueIteration: true
dAxiomsOfOntology Size : 649969
* iterationCount: 2
Axioms.size(): 132851
DesiredSignatures.size(): 159677
ContinueIteration: true
dAxiomsOfOntology Size : 517526
* MAX AXIOM REACHED:290000
* iterationCount: 3
Axioms.size(): 290000
DesiredSignatures.size(): 159677
ContinueIteration: false
dAxiomsOfOntology Size : 517526
(Extracting New Ontology : 2877 msec.)
--- Stats ---
* Axioms written to File: C:\Users\r01ig15\OneDrive\CodesWS\KnowledgeExtractor.v.1.0\assets\output\snomed_jan17_290000.owl
(Writing New Ontology : 3009 msec.)
RAM Beginning:535159: KB. RAM End:899359: KB. RAM Diff:364200: KB.
TOTAL PROCESSING TIME : 7780 msec.
--- The End ---
