--- Ontology Traversor ---
Used Memory before: 602972 KB.
Signature : <http://snomed.org/89811004>
Signature : <http://snomed.org/12738006>
(Ontology Loaded to OWLOntology - RAM Beginning:602972: KB. RAM End:510188: KB. RAM Diff:-92784: KB.)
(Loading Ontology by OWLAPI : 292866 msec.)
(Copying Axioms to Hashset - RAM Beginning:602972: KB. RAM End:601518: KB. RAM Diff:-1454: KB.)
(Copying Axioms to Hashset took : 448 msec.)
AxiomCount in Ontology : 650377
* Desired Axioms: 2
* iterationCount: 1
Axioms.size(): 408
DesiredSignatures.size(): 906
ContinueIteration: true
dAxiomsOfOntology Size : 649969
* MAX AXIOM REACHED:20000
* iterationCount: 2
Axioms.size(): 20000
DesiredSignatures.size(): 906
ContinueIteration: false
dAxiomsOfOntology Size : 649969
(Extracting New Ontology : 1670 msec.)
--- Stats ---
* Axioms written to File: C:\Users\r01ig15\OneDrive\CodesWS\KnowledgeExtractor.v.1.0\assets\output\snomed_jan17_20000.owl
(Writing New Ontology : 327 msec.)
RAM Beginning:602972: KB. RAM End:647163: KB. RAM Diff:44191: KB.
TOTAL PROCESSING TIME : 2446 msec.
--- The End ---
