--- Ontology Traversor ---
Used Memory before: 587650 KB.
Signature : <http://snomed.org/89811004>
Signature : <http://snomed.org/12738006>
(Ontology Loaded to OWLOntology - RAM Beginning:587650: KB. RAM End:775833: KB. RAM Diff:188183: KB.)
(Loading Ontology by OWLAPI : 293888 msec.)
(Copying Axioms to Hashset - RAM Beginning:587650: KB. RAM End:863059: KB. RAM Diff:275409: KB.)
(Copying Axioms to Hashset took : 456 msec.)
AxiomCount in Ontology : 650377
* Desired Axioms: 2
* iterationCount: 1
Axioms.size(): 408
DesiredSignatures.size(): 906
ContinueIteration: true
dAxiomsOfOntology Size : 649969
* MAX AXIOM REACHED:115000
* iterationCount: 2
Axioms.size(): 115000
DesiredSignatures.size(): 906
ContinueIteration: false
dAxiomsOfOntology Size : 649969
(Extracting New Ontology : 3560 msec.)
--- Stats ---
* Axioms written to File: C:\Users\r01ig15\OneDrive\CodesWS\KnowledgeExtractor.v.1.0\assets\output\snomed_jan17_115000.owl
(Writing New Ontology : 1940 msec.)
RAM Beginning:587650: KB. RAM End:487919: KB. RAM Diff:-99731: KB.
TOTAL PROCESSING TIME : 5957 msec.
--- The End ---
