--- Ontology Traversor ---
Used Memory before: 899359 KB.
Signature : <http://snomed.org/89811004>
Signature : <http://snomed.org/12738006>
(Ontology Loaded to OWLOntology - RAM Beginning:899359: KB. RAM End:997045: KB. RAM Diff:97686: KB.)
(Loading Ontology by OWLAPI : 275765 msec.)
(Copying Axioms to Hashset - RAM Beginning:899359: KB. RAM End:1092080: KB. RAM Diff:192721: KB.)
(Copying Axioms to Hashset took : 460 msec.)
AxiomCount in Ontology : 650377
* Desired Axioms: 2
* iterationCount: 1
Axioms.size(): 408
DesiredSignatures.size(): 906
ContinueIteration: true
dAxiomsOfOntology Size : 649969
* iterationCount: 2
Axioms.size(): 132851
DesiredSignatures.size(): 159677
ContinueIteration: true
dAxiomsOfOntology Size : 517526
* MAX AXIOM REACHED:300000
* iterationCount: 3
Axioms.size(): 300000
DesiredSignatures.size(): 159677
ContinueIteration: false
dAxiomsOfOntology Size : 517526
(Extracting New Ontology : 4533 msec.)
--- Stats ---
* Axioms written to File: C:\Users\r01ig15\OneDrive\CodesWS\KnowledgeExtractor.v.1.0\assets\output\snomed_jan17_300000.owl
(Writing New Ontology : 3764 msec.)
RAM Beginning:899359: KB. RAM End:624955: KB. RAM Diff:-274404: KB.
TOTAL PROCESSING TIME : 8758 msec.
--- The End ---
