--- Ontology Traversor ---
Used Memory before: 316855 KB.
Signature : <http://snomed.org/89811004>
Signature : <http://snomed.org/12738006>
(Ontology Loaded to OWLOntology - RAM Beginning:316855: KB. RAM End:531793: KB. RAM Diff:214938: KB.)
(Loading Ontology by OWLAPI : 296385 msec.)
(Copying Axioms to Hashset - RAM Beginning:316855: KB. RAM End:627903: KB. RAM Diff:311048: KB.)
(Copying Axioms to Hashset took : 469 msec.)
AxiomCount in Ontology : 650377
* Desired Axioms: 2
* iterationCount: 1
Axioms.size(): 408
DesiredSignatures.size(): 906
ContinueIteration: true
dAxiomsOfOntology Size : 649969
* MAX AXIOM REACHED:7000
* iterationCount: 2
Axioms.size(): 7000
DesiredSignatures.size(): 906
ContinueIteration: false
dAxiomsOfOntology Size : 649969
(Extracting New Ontology : 2697 msec.)
--- Stats ---
* Axioms written to File: C:\Users\r01ig15\OneDrive\CodesWS\KnowledgeExtractor.v.1.0\assets\output\snomed_jan17_7000.owl
(Writing New Ontology : 117 msec.)
RAM Beginning:316855: KB. RAM End:294566: KB. RAM Diff:-22289: KB.
TOTAL PROCESSING TIME : 3284 msec.
--- The End ---
