--- Ontology Traversor ---
Used Memory before: 787247 KB.
Signature : <http://snomed.org/89811004>
Signature : <http://snomed.org/12738006>
(Ontology Loaded to OWLOntology - RAM Beginning:787247: KB. RAM End:943099: KB. RAM Diff:155852: KB.)
(Loading Ontology by OWLAPI : 281215 msec.)
(Copying Axioms to Hashset - RAM Beginning:787247: KB. RAM End:1038437: KB. RAM Diff:251190: KB.)
(Copying Axioms to Hashset took : 406 msec.)
AxiomCount in Ontology : 650377
* Desired Axioms: 2
* iterationCount: 1
Axioms.size(): 408
DesiredSignatures.size(): 906
ContinueIteration: true
dAxiomsOfOntology Size : 649969
* iterationCount: 2
Axioms.size(): 132851
DesiredSignatures.size(): 159677
ContinueIteration: true
dAxiomsOfOntology Size : 517526
* iterationCount: 3
Axioms.size(): 388131
DesiredSignatures.size(): 231121
ContinueIteration: true
dAxiomsOfOntology Size : 262246
* iterationCount: 4
Axioms.size(): 505416
DesiredSignatures.size(): 274658
ContinueIteration: true
dAxiomsOfOntology Size : 144961
* MAX AXIOM REACHED:510000
* iterationCount: 5
Axioms.size(): 510000
DesiredSignatures.size(): 274658
ContinueIteration: false
dAxiomsOfOntology Size : 144961
(Extracting New Ontology : 4896 msec.)
--- Stats ---
* Axioms written to File: C:\Users\r01ig15\OneDrive\CodesWS\KnowledgeExtractor.v.1.0\assets\output\snomed_jan17_510000.owl
(Writing New Ontology : 4433 msec.)
RAM Beginning:787247: KB. RAM End:665818: KB. RAM Diff:-121429: KB.
TOTAL PROCESSING TIME : 9736 msec.
--- The End ---
