--- Ontology Traversor ---
Used Memory before: 1066367 KB.
Signature : <http://snomed.org/89811004>
Signature : <http://snomed.org/12738006>
(Ontology Loaded to OWLOntology - RAM Beginning:1066367: KB. RAM End:1193549: KB. RAM Diff:127182: KB.)
(Loading Ontology by OWLAPI : 293796 msec.)
(Copying Axioms to Hashset - RAM Beginning:1066367: KB. RAM End:1286370: KB. RAM Diff:220003: KB.)
(Copying Axioms to Hashset took : 449 msec.)
AxiomCount in Ontology : 650377
* Desired Axioms: 2
* iterationCount: 1
Axioms.size(): 408
DesiredSignatures.size(): 906
ContinueIteration: true
dAxiomsOfOntology Size : 649969
* iterationCount: 2
Axioms.size(): 132851
DesiredSignatures.size(): 159677
ContinueIteration: true
dAxiomsOfOntology Size : 517526
* iterationCount: 3
Axioms.size(): 388131
DesiredSignatures.size(): 231121
ContinueIteration: true
dAxiomsOfOntology Size : 262246
* iterationCount: 4
Axioms.size(): 505416
DesiredSignatures.size(): 274658
ContinueIteration: true
dAxiomsOfOntology Size : 144961
* MAX AXIOM REACHED:530000
* iterationCount: 5
Axioms.size(): 530000
DesiredSignatures.size(): 274658
ContinueIteration: false
dAxiomsOfOntology Size : 144961
(Extracting New Ontology : 5273 msec.)
--- Stats ---
* Axioms written to File: C:\Users\r01ig15\OneDrive\CodesWS\KnowledgeExtractor.v.1.0\assets\output\snomed_jan17_530000.owl
(Writing New Ontology : 5003 msec.)
RAM Beginning:1066367: KB. RAM End:835902: KB. RAM Diff:-230465: KB.
TOTAL PROCESSING TIME : 10726 msec.
--- The End ---
