--- Ontology Traversor ---
Used Memory before: 314148 KB.
Signature : <http://snomed.org/89811004>
Signature : <http://snomed.org/12738006>
(Ontology Loaded to OWLOntology - RAM Beginning:314148: KB. RAM End:728054: KB. RAM Diff:413906: KB.)
(Loading Ontology by OWLAPI : 295565 msec.)
(Copying Axioms to Hashset - RAM Beginning:314148: KB. RAM End:826023: KB. RAM Diff:511875: KB.)
(Copying Axioms to Hashset took : 456 msec.)
AxiomCount in Ontology : 650377
* Desired Axioms: 2
* iterationCount: 1
Axioms.size(): 408
DesiredSignatures.size(): 906
ContinueIteration: true
dAxiomsOfOntology Size : 649969
* iterationCount: 2
Axioms.size(): 132851
DesiredSignatures.size(): 159677
ContinueIteration: true
dAxiomsOfOntology Size : 517526
* MAX AXIOM REACHED:360000
* iterationCount: 3
Axioms.size(): 360000
DesiredSignatures.size(): 159677
ContinueIteration: false
dAxiomsOfOntology Size : 517526
(Extracting New Ontology : 4743 msec.)
--- Stats ---
* Axioms written to File: C:\Users\r01ig15\OneDrive\CodesWS\KnowledgeExtractor.v.1.0\assets\output\snomed_jan17_360000.owl
(Writing New Ontology : 3822 msec.)
RAM Beginning:314148: KB. RAM End:677097: KB. RAM Diff:362949: KB.
TOTAL PROCESSING TIME : 9023 msec.
--- The End ---
