--- Ontology Traversor ---
Used Memory before: 487919 KB.
Signature : <http://snomed.org/89811004>
Signature : <http://snomed.org/12738006>
(Ontology Loaded to OWLOntology - RAM Beginning:487919: KB. RAM End:904706: KB. RAM Diff:416787: KB.)
(Loading Ontology by OWLAPI : 292903 msec.)
(Copying Axioms to Hashset - RAM Beginning:487919: KB. RAM End:708235: KB. RAM Diff:220316: KB.)
(Copying Axioms to Hashset took : 579 msec.)
AxiomCount in Ontology : 650377
* Desired Axioms: 2
* iterationCount: 1
Axioms.size(): 408
DesiredSignatures.size(): 906
ContinueIteration: true
dAxiomsOfOntology Size : 649969
* MAX AXIOM REACHED:120000
* iterationCount: 2
Axioms.size(): 120000
DesiredSignatures.size(): 906
ContinueIteration: false
dAxiomsOfOntology Size : 649969
(Extracting New Ontology : 3524 msec.)
--- Stats ---
* Axioms written to File: C:\Users\r01ig15\OneDrive\CodesWS\KnowledgeExtractor.v.1.0\assets\output\snomed_jan17_120000.owl
(Writing New Ontology : 1894 msec.)
RAM Beginning:487919: KB. RAM End:633740: KB. RAM Diff:145821: KB.
TOTAL PROCESSING TIME : 5998 msec.
--- The End ---
