--- Ontology Traversor ---
Used Memory before: 621357 KB.
Signature : <http://snomed.org/89811004>
Signature : <http://snomed.org/12738006>
(Ontology Loaded to OWLOntology - RAM Beginning:621357: KB. RAM End:798239: KB. RAM Diff:176882: KB.)
(Loading Ontology by OWLAPI : 294320 msec.)
(Copying Axioms to Hashset - RAM Beginning:621357: KB. RAM End:894178: KB. RAM Diff:272821: KB.)
(Copying Axioms to Hashset took : 424 msec.)
AxiomCount in Ontology : 650377
* Desired Axioms: 2
* iterationCount: 1
Axioms.size(): 408
DesiredSignatures.size(): 906
ContinueIteration: true
dAxiomsOfOntology Size : 649969
* iterationCount: 2
Axioms.size(): 132851
DesiredSignatures.size(): 159677
ContinueIteration: true
dAxiomsOfOntology Size : 517526
* MAX AXIOM REACHED:175000
* iterationCount: 3
Axioms.size(): 175000
DesiredSignatures.size(): 159677
ContinueIteration: false
dAxiomsOfOntology Size : 517526
(Extracting New Ontology : 3512 msec.)
--- Stats ---
* Axioms written to File: C:\Users\r01ig15\OneDrive\CodesWS\KnowledgeExtractor.v.1.0\assets\output\snomed_jan17_175000.owl
(Writing New Ontology : 2298 msec.)
RAM Beginning:621357: KB. RAM End:593010: KB. RAM Diff:-28347: KB.
TOTAL PROCESSING TIME : 6236 msec.
--- The End ---
