--- Ontology Traversor ---
Used Memory before: 582607 KB.
Signature : <http://snomed.org/89811004>
Signature : <http://snomed.org/12738006>
(Ontology Loaded to OWLOntology - RAM Beginning:582607: KB. RAM End:796423: KB. RAM Diff:213816: KB.)
(Loading Ontology by OWLAPI : 291707 msec.)
(Copying Axioms to Hashset - RAM Beginning:582607: KB. RAM End:888004: KB. RAM Diff:305397: KB.)
(Copying Axioms to Hashset took : 447 msec.)
AxiomCount in Ontology : 650377
* Desired Axioms: 2
* iterationCount: 1
Axioms.size(): 408
DesiredSignatures.size(): 906
ContinueIteration: true
dAxiomsOfOntology Size : 649969
* iterationCount: 2
Axioms.size(): 132851
DesiredSignatures.size(): 159677
ContinueIteration: true
dAxiomsOfOntology Size : 517526
* MAX AXIOM REACHED:200000
* iterationCount: 3
Axioms.size(): 200000
DesiredSignatures.size(): 159677
ContinueIteration: false
dAxiomsOfOntology Size : 517526
(Extracting New Ontology : 4161 msec.)
--- Stats ---
* Axioms written to File: C:\Users\r01ig15\OneDrive\CodesWS\KnowledgeExtractor.v.1.0\assets\output\snomed_jan17_200000.owl
(Writing New Ontology : 2747 msec.)
RAM Beginning:582607: KB. RAM End:584010: KB. RAM Diff:1403: KB.
TOTAL PROCESSING TIME : 7356 msec.
--- The End ---
