--- Ontology Traversor ---
Used Memory before: 395161 KB.
Signature : <http://snomed.org/89811004>
Signature : <http://snomed.org/12738006>
(Ontology Loaded to OWLOntology - RAM Beginning:395161: KB. RAM End:818337: KB. RAM Diff:423176: KB.)
(Loading Ontology by OWLAPI : 274500 msec.)
(Copying Axioms to Hashset - RAM Beginning:395161: KB. RAM End:912654: KB. RAM Diff:517493: KB.)
(Copying Axioms to Hashset took : 409 msec.)
AxiomCount in Ontology : 650377
* Desired Axioms: 2
* iterationCount: 1
Axioms.size(): 408
DesiredSignatures.size(): 906
ContinueIteration: true
dAxiomsOfOntology Size : 649969
* iterationCount: 2
Axioms.size(): 132851
DesiredSignatures.size(): 159677
ContinueIteration: true
dAxiomsOfOntology Size : 517526
* MAX AXIOM REACHED:140000
* iterationCount: 3
Axioms.size(): 140000
DesiredSignatures.size(): 159677
ContinueIteration: false
dAxiomsOfOntology Size : 517526
(Extracting New Ontology : 3356 msec.)
--- Stats ---
* Axioms written to File: C:\Users\r01ig15\OneDrive\CodesWS\KnowledgeExtractor.v.1.0\assets\output\snomed_jan17_140000.owl
(Writing New Ontology : 2028 msec.)
RAM Beginning:395161: KB. RAM End:522073: KB. RAM Diff:126912: KB.
TOTAL PROCESSING TIME : 5794 msec.
--- The End ---
