--- Ontology Traversor ---
Used Memory before: 565523 KB.
Signature : <http://snomed.org/89811004>
Signature : <http://snomed.org/12738006>
(Ontology Loaded to OWLOntology - RAM Beginning:565523: KB. RAM End:783964: KB. RAM Diff:218441: KB.)
(Loading Ontology by OWLAPI : 295795 msec.)
(Copying Axioms to Hashset - RAM Beginning:565523: KB. RAM End:327467: KB. RAM Diff:-238056: KB.)
(Copying Axioms to Hashset took : 2149 msec.)
AxiomCount in Ontology : 650377
* Desired Axioms: 2
* iterationCount: 1
Axioms.size(): 408
DesiredSignatures.size(): 906
ContinueIteration: true
dAxiomsOfOntology Size : 649969
* MAX AXIOM REACHED:55000
* iterationCount: 2
Axioms.size(): 55000
DesiredSignatures.size(): 906
ContinueIteration: false
dAxiomsOfOntology Size : 649969
(Extracting New Ontology : 1560 msec.)
--- Stats ---
* Axioms written to File: C:\Users\r01ig15\OneDrive\CodesWS\KnowledgeExtractor.v.1.0\assets\output\snomed_jan17_55000.owl
(Writing New Ontology : 985 msec.)
RAM Beginning:565523: KB. RAM End:552049: KB. RAM Diff:-13474: KB.
TOTAL PROCESSING TIME : 4695 msec.
--- The End ---
