--- Ontology Traversor ---
Used Memory before: 503497 KB.
Signature : <http://snomed.org/89811004>
Signature : <http://snomed.org/12738006>
(Ontology Loaded to OWLOntology - RAM Beginning:503497: KB. RAM End:922491: KB. RAM Diff:418994: KB.)
(Loading Ontology by OWLAPI : 292098 msec.)
(Copying Axioms to Hashset - RAM Beginning:503497: KB. RAM End:726812: KB. RAM Diff:223315: KB.)
(Copying Axioms to Hashset took : 541 msec.)
AxiomCount in Ontology : 650377
* Desired Axioms: 2
* iterationCount: 1
Axioms.size(): 408
DesiredSignatures.size(): 906
ContinueIteration: true
dAxiomsOfOntology Size : 649969
* iterationCount: 2
Axioms.size(): 132851
DesiredSignatures.size(): 159677
ContinueIteration: true
dAxiomsOfOntology Size : 517526
* MAX AXIOM REACHED:155000
* iterationCount: 3
Axioms.size(): 155000
DesiredSignatures.size(): 159677
ContinueIteration: false
dAxiomsOfOntology Size : 517526
(Extracting New Ontology : 3728 msec.)
--- Stats ---
* Axioms written to File: C:\Users\r01ig15\OneDrive\CodesWS\KnowledgeExtractor.v.1.0\assets\output\snomed_jan17_155000.owl
(Writing New Ontology : 2446 msec.)
RAM Beginning:503497: KB. RAM End:623756: KB. RAM Diff:120259: KB.
TOTAL PROCESSING TIME : 6716 msec.
--- The End ---
