--- Ontology Traversor ---
Used Memory before: 755794 KB.
Signature : <http://snomed.org/89811004>
Signature : <http://snomed.org/12738006>
(Ontology Loaded to OWLOntology - RAM Beginning:755794: KB. RAM End:1078292: KB. RAM Diff:322498: KB.)
(Loading Ontology by OWLAPI : 292089 msec.)
(Copying Axioms to Hashset - RAM Beginning:755794: KB. RAM End:956446: KB. RAM Diff:200652: KB.)
(Copying Axioms to Hashset took : 551 msec.)
AxiomCount in Ontology : 650377
* Desired Axioms: 2
* iterationCount: 1
Axioms.size(): 408
DesiredSignatures.size(): 906
ContinueIteration: true
dAxiomsOfOntology Size : 649969
* iterationCount: 2
Axioms.size(): 132851
DesiredSignatures.size(): 159677
ContinueIteration: true
dAxiomsOfOntology Size : 517526
* iterationCount: 3
Axioms.size(): 388131
DesiredSignatures.size(): 231121
ContinueIteration: true
dAxiomsOfOntology Size : 262246
* iterationCount: 4
Axioms.size(): 505416
DesiredSignatures.size(): 274658
ContinueIteration: true
dAxiomsOfOntology Size : 144961
* iterationCount: 5
Axioms.size(): 569617
DesiredSignatures.size(): 295031
ContinueIteration: true
dAxiomsOfOntology Size : 80760
* MAX AXIOM REACHED:590000
* iterationCount: 6
Axioms.size(): 590000
DesiredSignatures.size(): 295031
ContinueIteration: false
dAxiomsOfOntology Size : 80760
(Extracting New Ontology : 5726 msec.)
--- Stats ---
* Axioms written to File: C:\Users\r01ig15\OneDrive\CodesWS\KnowledgeExtractor.v.1.0\assets\output\snomed_jan17_590000.owl
(Writing New Ontology : 5551 msec.)
RAM Beginning:755794: KB. RAM End:835263: KB. RAM Diff:79469: KB.
TOTAL PROCESSING TIME : 11829 msec.
--- The End ---
