--- Ontology Traversor ---
Used Memory before: 456320 KB.
Signature : <http://snomed.org/89811004>
Signature : <http://snomed.org/12738006>
(Ontology Loaded to OWLOntology - RAM Beginning:456320: KB. RAM End:618336: KB. RAM Diff:162016: KB.)
(Loading Ontology by OWLAPI : 303051 msec.)
(Copying Axioms to Hashset - RAM Beginning:456320: KB. RAM End:715540: KB. RAM Diff:259220: KB.)
(Copying Axioms to Hashset took : 468 msec.)
AxiomCount in Ontology : 650377
* Desired Axioms: 2
* iterationCount: 1
Axioms.size(): 408
DesiredSignatures.size(): 906
ContinueIteration: true
dAxiomsOfOntology Size : 649969
* MAX AXIOM REACHED:75000
* iterationCount: 2
Axioms.size(): 75000
DesiredSignatures.size(): 906
ContinueIteration: false
dAxiomsOfOntology Size : 649969
(Extracting New Ontology : 3266 msec.)
--- Stats ---
* Axioms written to File: C:\Users\r01ig15\OneDrive\CodesWS\KnowledgeExtractor.v.1.0\assets\output\snomed_jan17_75000.owl
(Writing New Ontology : 1358 msec.)
RAM Beginning:456320: KB. RAM End:421533: KB. RAM Diff:-34787: KB.
TOTAL PROCESSING TIME : 5092 msec.
--- The End ---
