--- Ontology Traversor ---
Used Memory before: 439485 KB.
Signature : <http://snomed.org/89811004>
Signature : <http://snomed.org/12738006>
(Ontology Loaded to OWLOntology - RAM Beginning:439485: KB. RAM End:623396: KB. RAM Diff:183911: KB.)
(Loading Ontology by OWLAPI : 305719 msec.)
(Copying Axioms to Hashset - RAM Beginning:439485: KB. RAM End:717046: KB. RAM Diff:277561: KB.)
(Copying Axioms to Hashset took : 476 msec.)
AxiomCount in Ontology : 650377
* Desired Axioms: 2
* iterationCount: 1
Axioms.size(): 408
DesiredSignatures.size(): 906
ContinueIteration: true
dAxiomsOfOntology Size : 649969
* MAX AXIOM REACHED:4000
* iterationCount: 2
Axioms.size(): 4000
DesiredSignatures.size(): 906
ContinueIteration: false
dAxiomsOfOntology Size : 649969
(Extracting New Ontology : 2435 msec.)
--- Stats ---
* Axioms written to File: C:\Users\r01ig15\OneDrive\CodesWS\KnowledgeExtractor.v.1.0\assets\output\snomed_jan17_4000.owl
(Writing New Ontology : 99 msec.)
RAM Beginning:439485: KB. RAM End:349983: KB. RAM Diff:-89502: KB.
TOTAL PROCESSING TIME : 3010 msec.
--- The End ---
