--- Ontology Traversor ---
Used Memory before: 633740 KB.
Signature : <http://snomed.org/89811004>
Signature : <http://snomed.org/12738006>
(Ontology Loaded to OWLOntology - RAM Beginning:633740: KB. RAM End:708777: KB. RAM Diff:75037: KB.)
(Loading Ontology by OWLAPI : 292228 msec.)
(Copying Axioms to Hashset - RAM Beginning:633740: KB. RAM End:798717: KB. RAM Diff:164977: KB.)
(Copying Axioms to Hashset took : 429 msec.)
AxiomCount in Ontology : 650377
* Desired Axioms: 2
* iterationCount: 1
Axioms.size(): 408
DesiredSignatures.size(): 906
ContinueIteration: true
dAxiomsOfOntology Size : 649969
* MAX AXIOM REACHED:125000
* iterationCount: 2
Axioms.size(): 125000
DesiredSignatures.size(): 906
ContinueIteration: false
dAxiomsOfOntology Size : 649969
(Extracting New Ontology : 3514 msec.)
--- Stats ---
* Axioms written to File: C:\Users\r01ig15\OneDrive\CodesWS\KnowledgeExtractor.v.1.0\assets\output\snomed_jan17_125000.owl
(Writing New Ontology : 2092 msec.)
RAM Beginning:633740: KB. RAM End:524348: KB. RAM Diff:-109392: KB.
TOTAL PROCESSING TIME : 6037 msec.
--- The End ---
