--- Ontology Traversor ---
Used Memory before: 779741 KB.
Signature : <http://snomed.org/89811004>
Signature : <http://snomed.org/12738006>
(Ontology Loaded to OWLOntology - RAM Beginning:779741: KB. RAM End:1139407: KB. RAM Diff:359666: KB.)
(Loading Ontology by OWLAPI : 294772 msec.)
(Copying Axioms to Hashset - RAM Beginning:779741: KB. RAM End:1234016: KB. RAM Diff:454275: KB.)
(Copying Axioms to Hashset took : 448 msec.)
AxiomCount in Ontology : 650377
* Desired Axioms: 2
* iterationCount: 1
Axioms.size(): 408
DesiredSignatures.size(): 906
ContinueIteration: true
dAxiomsOfOntology Size : 649969
* iterationCount: 2
Axioms.size(): 132851
DesiredSignatures.size(): 159677
ContinueIteration: true
dAxiomsOfOntology Size : 517526
* iterationCount: 3
Axioms.size(): 388131
DesiredSignatures.size(): 231121
ContinueIteration: true
dAxiomsOfOntology Size : 262246
* MAX AXIOM REACHED:500000
* iterationCount: 4
Axioms.size(): 500000
DesiredSignatures.size(): 231121
ContinueIteration: false
dAxiomsOfOntology Size : 262246
(Extracting New Ontology : 5196 msec.)
--- Stats ---
* Axioms written to File: C:\Users\r01ig15\OneDrive\CodesWS\KnowledgeExtractor.v.1.0\assets\output\snomed_jan17_500000.owl
(Writing New Ontology : 5102 msec.)
RAM Beginning:779741: KB. RAM End:787247: KB. RAM Diff:7506: KB.
TOTAL PROCESSING TIME : 10746 msec.
--- The End ---
