--- Ontology Traversor ---
Used Memory before: 584010 KB.
Signature : <http://snomed.org/89811004>
Signature : <http://snomed.org/12738006>
(Ontology Loaded to OWLOntology - RAM Beginning:584010: KB. RAM End:818135: KB. RAM Diff:234125: KB.)
(Loading Ontology by OWLAPI : 294019 msec.)
(Copying Axioms to Hashset - RAM Beginning:584010: KB. RAM End:676827: KB. RAM Diff:92817: KB.)
(Copying Axioms to Hashset took : 563 msec.)
AxiomCount in Ontology : 650377
* Desired Axioms: 2
* iterationCount: 1
Axioms.size(): 408
DesiredSignatures.size(): 906
ContinueIteration: true
dAxiomsOfOntology Size : 649969
* iterationCount: 2
Axioms.size(): 132851
DesiredSignatures.size(): 159677
ContinueIteration: true
dAxiomsOfOntology Size : 517526
* MAX AXIOM REACHED:210000
* iterationCount: 3
Axioms.size(): 210000
DesiredSignatures.size(): 159677
ContinueIteration: false
dAxiomsOfOntology Size : 517526
(Extracting New Ontology : 3888 msec.)
--- Stats ---
* Axioms written to File: C:\Users\r01ig15\OneDrive\CodesWS\KnowledgeExtractor.v.1.0\assets\output\snomed_jan17_210000.owl
(Writing New Ontology : 2924 msec.)
RAM Beginning:584010: KB. RAM End:529392: KB. RAM Diff:-54618: KB.
TOTAL PROCESSING TIME : 7376 msec.
--- The End ---
