--- Ontology Traversor ---
Used Memory before: 559505 KB.
Signature : <http://snomed.org/89811004>
Signature : <http://snomed.org/12738006>
(Ontology Loaded to OWLOntology - RAM Beginning:559505: KB. RAM End:694000: KB. RAM Diff:134495: KB.)
(Loading Ontology by OWLAPI : 293904 msec.)
(Copying Axioms to Hashset - RAM Beginning:559505: KB. RAM End:786486: KB. RAM Diff:226981: KB.)
(Copying Axioms to Hashset took : 457 msec.)
AxiomCount in Ontology : 650377
* Desired Axioms: 2
* iterationCount: 1
Axioms.size(): 408
DesiredSignatures.size(): 906
ContinueIteration: true
dAxiomsOfOntology Size : 649969
* iterationCount: 2
Axioms.size(): 132851
DesiredSignatures.size(): 159677
ContinueIteration: true
dAxiomsOfOntology Size : 517526
* MAX AXIOM REACHED:350000
* iterationCount: 3
Axioms.size(): 350000
DesiredSignatures.size(): 159677
ContinueIteration: false
dAxiomsOfOntology Size : 517526
(Extracting New Ontology : 3557 msec.)
--- Stats ---
* Axioms written to File: C:\Users\r01ig15\OneDrive\CodesWS\KnowledgeExtractor.v.1.0\assets\output\snomed_jan17_350000.owl
(Writing New Ontology : 4992 msec.)
RAM Beginning:559505: KB. RAM End:314148: KB. RAM Diff:-245357: KB.
TOTAL PROCESSING TIME : 9007 msec.
--- The End ---
