--- Ontology Traversor ---
Used Memory before: 307167 KB.
Signature : <http://snomed.org/89811004>
Signature : <http://snomed.org/12738006>
(Ontology Loaded to OWLOntology - RAM Beginning:307167: KB. RAM End:594936: KB. RAM Diff:287769: KB.)
(Loading Ontology by OWLAPI : 293057 msec.)
(Copying Axioms to Hashset - RAM Beginning:307167: KB. RAM End:684883: KB. RAM Diff:377716: KB.)
(Copying Axioms to Hashset took : 469 msec.)
AxiomCount in Ontology : 650377
* Desired Axioms: 2
* iterationCount: 1
Axioms.size(): 408
DesiredSignatures.size(): 906
ContinueIteration: true
dAxiomsOfOntology Size : 649969
* MAX AXIOM REACHED:6000
* iterationCount: 2
Axioms.size(): 6000
DesiredSignatures.size(): 906
ContinueIteration: false
dAxiomsOfOntology Size : 649969
(Extracting New Ontology : 2442 msec.)
--- Stats ---
* Axioms written to File: C:\Users\r01ig15\OneDrive\CodesWS\KnowledgeExtractor.v.1.0\assets\output\snomed_jan17_6000.owl
(Writing New Ontology : 95 msec.)
RAM Beginning:307167: KB. RAM End:316855: KB. RAM Diff:9688: KB.
TOTAL PROCESSING TIME : 3008 msec.
--- The End ---
