--- Ontology Traversor ---
Used Memory before: 702476 KB.
Signature : <http://snomed.org/89811004>
Signature : <http://snomed.org/12738006>
(Ontology Loaded to OWLOntology - RAM Beginning:702476: KB. RAM End:725866: KB. RAM Diff:23390: KB.)
(Loading Ontology by OWLAPI : 292745 msec.)
(Copying Axioms to Hashset - RAM Beginning:702476: KB. RAM End:677701: KB. RAM Diff:-24775: KB.)
(Copying Axioms to Hashset took : 1107 msec.)
AxiomCount in Ontology : 650377
* Desired Axioms: 2
* iterationCount: 1
Axioms.size(): 408
DesiredSignatures.size(): 906
ContinueIteration: true
dAxiomsOfOntology Size : 649969
* MAX AXIOM REACHED:10000
* iterationCount: 2
Axioms.size(): 10000
DesiredSignatures.size(): 906
ContinueIteration: false
dAxiomsOfOntology Size : 649969
(Extracting New Ontology : 2459 msec.)
--- Stats ---
* Axioms written to File: C:\Users\r01ig15\OneDrive\CodesWS\KnowledgeExtractor.v.1.0\assets\output\snomed_jan17_10000.owl
(Writing New Ontology : 162 msec.)
RAM Beginning:702476: KB. RAM End:368222: KB. RAM Diff:-334254: KB.
TOTAL PROCESSING TIME : 3729 msec.
--- The End ---
