--- Ontology Traversor ---
Used Memory before: 368032 KB.
Signature : <http://snomed.org/89811004>
Signature : <http://snomed.org/12738006>
(Ontology Loaded to OWLOntology - RAM Beginning:368032: KB. RAM End:693921: KB. RAM Diff:325889: KB.)
(Loading Ontology by OWLAPI : 313355 msec.)
(Copying Axioms to Hashset - RAM Beginning:368032: KB. RAM End:785799: KB. RAM Diff:417767: KB.)
(Copying Axioms to Hashset took : 469 msec.)
AxiomCount in Ontology : 650377
* Desired Axioms: 2
* iterationCount: 1
Axioms.size(): 408
DesiredSignatures.size(): 906
ContinueIteration: true
dAxiomsOfOntology Size : 649969
* MAX AXIOM REACHED:3000
* iterationCount: 2
Axioms.size(): 3000
DesiredSignatures.size(): 906
ContinueIteration: false
dAxiomsOfOntology Size : 649969
(Extracting New Ontology : 2379 msec.)
--- Stats ---
* Axioms written to File: C:\Users\r01ig15\OneDrive\CodesWS\KnowledgeExtractor.v.1.0\assets\output\snomed_jan17_3000.owl
(Writing New Ontology : 85 msec.)
RAM Beginning:368032: KB. RAM End:439485: KB. RAM Diff:71453: KB.
TOTAL PROCESSING TIME : 2933 msec.
--- The End ---
