--- Ontology Traversor ---
Used Memory before: 685723 KB.
Signature : <http://snomed.org/89811004>
Signature : <http://snomed.org/12738006>
(Ontology Loaded to OWLOntology - RAM Beginning:685723: KB. RAM End:541279: KB. RAM Diff:-144444: KB.)
(Loading Ontology by OWLAPI : 295121 msec.)
(Copying Axioms to Hashset - RAM Beginning:685723: KB. RAM End:489314: KB. RAM Diff:-196409: KB.)
(Copying Axioms to Hashset took : 732 msec.)
AxiomCount in Ontology : 650377
* Desired Axioms: 2
* iterationCount: 1
Axioms.size(): 408
DesiredSignatures.size(): 906
ContinueIteration: true
dAxiomsOfOntology Size : 649969
* iterationCount: 2
Axioms.size(): 132851
DesiredSignatures.size(): 159677
ContinueIteration: true
dAxiomsOfOntology Size : 517526
* MAX AXIOM REACHED:320000
* iterationCount: 3
Axioms.size(): 320000
DesiredSignatures.size(): 159677
ContinueIteration: false
dAxiomsOfOntology Size : 517526
(Extracting New Ontology : 3594 msec.)
--- Stats ---
* Axioms written to File: C:\Users\r01ig15\OneDrive\CodesWS\KnowledgeExtractor.v.1.0\assets\output\snomed_jan17_320000.owl
(Writing New Ontology : 4096 msec.)
RAM Beginning:685723: KB. RAM End:816980: KB. RAM Diff:131257: KB.
TOTAL PROCESSING TIME : 8423 msec.
--- The End ---
