--- Ontology Traversor ---
Used Memory before: 443490 KB.
Signature : <http://snomed.org/89811004>
Signature : <http://snomed.org/12738006>
(Ontology Loaded to OWLOntology - RAM Beginning:443490: KB. RAM End:855109: KB. RAM Diff:411619: KB.)
(Loading Ontology by OWLAPI : 292833 msec.)
(Copying Axioms to Hashset - RAM Beginning:443490: KB. RAM End:687186: KB. RAM Diff:243696: KB.)
(Copying Axioms to Hashset took : 605 msec.)
AxiomCount in Ontology : 650377
* Desired Axioms: 2
* iterationCount: 1
Axioms.size(): 408
DesiredSignatures.size(): 906
ContinueIteration: true
dAxiomsOfOntology Size : 649969
* iterationCount: 2
Axioms.size(): 132851
DesiredSignatures.size(): 159677
ContinueIteration: true
dAxiomsOfOntology Size : 517526
* MAX AXIOM REACHED:170000
* iterationCount: 3
Axioms.size(): 170000
DesiredSignatures.size(): 159677
ContinueIteration: false
dAxiomsOfOntology Size : 517526
(Extracting New Ontology : 3641 msec.)
--- Stats ---
* Axioms written to File: C:\Users\r01ig15\OneDrive\CodesWS\KnowledgeExtractor.v.1.0\assets\output\snomed_jan17_170000.owl
(Writing New Ontology : 2524 msec.)
RAM Beginning:443490: KB. RAM End:621357: KB. RAM Diff:177867: KB.
TOTAL PROCESSING TIME : 6771 msec.
--- The End ---
