--- Ontology Traversor ---
Used Memory before: 630302 KB.
Signature : <http://snomed.org/89811004>
Signature : <http://snomed.org/12738006>
(Ontology Loaded to OWLOntology - RAM Beginning:630302: KB. RAM End:762842: KB. RAM Diff:132540: KB.)
(Loading Ontology by OWLAPI : 283065 msec.)
(Copying Axioms to Hashset - RAM Beginning:630302: KB. RAM End:856667: KB. RAM Diff:226365: KB.)
(Copying Axioms to Hashset took : 399 msec.)
AxiomCount in Ontology : 650377
* Desired Axioms: 2
* iterationCount: 1
Axioms.size(): 408
DesiredSignatures.size(): 906
ContinueIteration: true
dAxiomsOfOntology Size : 649969
* iterationCount: 2
Axioms.size(): 132851
DesiredSignatures.size(): 159677
ContinueIteration: true
dAxiomsOfOntology Size : 517526
* MAX AXIOM REACHED:135000
* iterationCount: 3
Axioms.size(): 135000
DesiredSignatures.size(): 159677
ContinueIteration: false
dAxiomsOfOntology Size : 517526
(Extracting New Ontology : 3400 msec.)
--- Stats ---
* Axioms written to File: C:\Users\r01ig15\OneDrive\CodesWS\KnowledgeExtractor.v.1.0\assets\output\snomed_jan17_135000.owl
(Writing New Ontology : 1986 msec.)
RAM Beginning:630302: KB. RAM End:395161: KB. RAM Diff:-235141: KB.
TOTAL PROCESSING TIME : 5787 msec.
--- The End ---
