--- Ontology Traversor ---
Used Memory before: 587239 KB.
Signature : <http://snomed.org/89811004>
Signature : <http://snomed.org/12738006>
(Ontology Loaded to OWLOntology - RAM Beginning:587239: KB. RAM End:839203: KB. RAM Diff:251964: KB.)
(Loading Ontology by OWLAPI : 296058 msec.)
(Copying Axioms to Hashset - RAM Beginning:587239: KB. RAM End:668314: KB. RAM Diff:81075: KB.)
(Copying Axioms to Hashset took : 581 msec.)
AxiomCount in Ontology : 650377
* Desired Axioms: 2
* iterationCount: 1
Axioms.size(): 408
DesiredSignatures.size(): 906
ContinueIteration: true
dAxiomsOfOntology Size : 649969
* MAX AXIOM REACHED:110000
* iterationCount: 2
Axioms.size(): 110000
DesiredSignatures.size(): 906
ContinueIteration: false
dAxiomsOfOntology Size : 649969
(Extracting New Ontology : 3476 msec.)
--- Stats ---
* Axioms written to File: C:\Users\r01ig15\OneDrive\CodesWS\KnowledgeExtractor.v.1.0\assets\output\snomed_jan17_110000.owl
(Writing New Ontology : 1987 msec.)
RAM Beginning:587239: KB. RAM End:587650: KB. RAM Diff:411: KB.
TOTAL PROCESSING TIME : 6045 msec.
--- The End ---
