--- Ontology Traversor ---
Used Memory before: 1385514 KB.
Signature : <http://snomed.org/89811004>
Signature : <http://snomed.org/12738006>
(Ontology Loaded to OWLOntology - RAM Beginning:1385514: KB. RAM End:858398: KB. RAM Diff:-527116: KB.)
(Loading Ontology by OWLAPI : 296654 msec.)
(Copying Axioms to Hashset - RAM Beginning:1385514: KB. RAM End:362308: KB. RAM Diff:-1023206: KB.)
(Copying Axioms to Hashset took : 2499 msec.)
AxiomCount in Ontology : 650377
* Desired Axioms: 2
* iterationCount: 1
Axioms.size(): 408
DesiredSignatures.size(): 906
ContinueIteration: true
dAxiomsOfOntology Size : 649969
* iterationCount: 2
Axioms.size(): 132851
DesiredSignatures.size(): 159677
ContinueIteration: true
dAxiomsOfOntology Size : 517526
* iterationCount: 3
Axioms.size(): 388131
DesiredSignatures.size(): 231121
ContinueIteration: true
dAxiomsOfOntology Size : 262246
* MAX AXIOM REACHED:490000
* iterationCount: 4
Axioms.size(): 490000
DesiredSignatures.size(): 231121
ContinueIteration: false
dAxiomsOfOntology Size : 262246
(Extracting New Ontology : 4190 msec.)
--- Stats ---
* Axioms written to File: C:\Users\r01ig15\OneDrive\CodesWS\KnowledgeExtractor.v.1.0\assets\output\snomed_jan17_490000.owl
(Writing New Ontology : 5063 msec.)
RAM Beginning:1385514: KB. RAM End:779741: KB. RAM Diff:-605773: KB.
TOTAL PROCESSING TIME : 11754 msec.
--- The End ---
