--- Ontology Traversor ---
Used Memory before: 514461 KB.
Signature : <http://snomed.org/89811004>
Signature : <http://snomed.org/12738006>
(Ontology Loaded to OWLOntology - RAM Beginning:514461: KB. RAM End:603603: KB. RAM Diff:89142: KB.)
(Loading Ontology by OWLAPI : 298320 msec.)
(Copying Axioms to Hashset - RAM Beginning:514461: KB. RAM End:549207: KB. RAM Diff:34746: KB.)
(Copying Axioms to Hashset took : 895 msec.)
AxiomCount in Ontology : 650377
* Desired Axioms: 2
* iterationCount: 1
Axioms.size(): 408
DesiredSignatures.size(): 906
ContinueIteration: true
dAxiomsOfOntology Size : 649969
* MAX AXIOM REACHED:40000
* iterationCount: 2
Axioms.size(): 40000
DesiredSignatures.size(): 906
ContinueIteration: false
dAxiomsOfOntology Size : 649969
(Extracting New Ontology : 1832 msec.)
--- Stats ---
* Axioms written to File: C:\Users\r01ig15\OneDrive\CodesWS\KnowledgeExtractor.v.1.0\assets\output\snomed_jan17_40000.owl
(Writing New Ontology : 698 msec.)
RAM Beginning:514461: KB. RAM End:764174: KB. RAM Diff:249713: KB.
TOTAL PROCESSING TIME : 3426 msec.
--- The End ---
