--- Ontology Traversor ---
Used Memory before: 421533 KB.
Signature : <http://snomed.org/89811004>
Signature : <http://snomed.org/12738006>
(Ontology Loaded to OWLOntology - RAM Beginning:421533: KB. RAM End:898731: KB. RAM Diff:477198: KB.)
(Loading Ontology by OWLAPI : 299347 msec.)
(Copying Axioms to Hashset - RAM Beginning:421533: KB. RAM End:689420: KB. RAM Diff:267887: KB.)
(Copying Axioms to Hashset took : 570 msec.)
AxiomCount in Ontology : 650377
* Desired Axioms: 2
* iterationCount: 1
Axioms.size(): 408
DesiredSignatures.size(): 906
ContinueIteration: true
dAxiomsOfOntology Size : 649969
* MAX AXIOM REACHED:80000
* iterationCount: 2
Axioms.size(): 80000
DesiredSignatures.size(): 906
ContinueIteration: false
dAxiomsOfOntology Size : 649969
(Extracting New Ontology : 3079 msec.)
--- Stats ---
* Axioms written to File: C:\Users\r01ig15\OneDrive\CodesWS\KnowledgeExtractor.v.1.0\assets\output\snomed_jan17_80000.owl
(Writing New Ontology : 1318 msec.)
RAM Beginning:421533: KB. RAM End:624376: KB. RAM Diff:202843: KB.
TOTAL PROCESSING TIME : 4968 msec.
--- The End ---
