--- Ontology Traversor ---
Used Memory before: 692563 KB.
Signature : <http://snomed.org/89811004>
Signature : <http://snomed.org/12738006>
(Ontology Loaded to OWLOntology - RAM Beginning:692563: KB. RAM End:746287: KB. RAM Diff:53724: KB.)
(Loading Ontology by OWLAPI : 292901 msec.)
(Copying Axioms to Hashset - RAM Beginning:692563: KB. RAM End:838721: KB. RAM Diff:146158: KB.)
(Copying Axioms to Hashset took : 433 msec.)
AxiomCount in Ontology : 650377
* Desired Axioms: 2
* iterationCount: 1
Axioms.size(): 408
DesiredSignatures.size(): 906
ContinueIteration: true
dAxiomsOfOntology Size : 649969
* iterationCount: 2
Axioms.size(): 132851
DesiredSignatures.size(): 159677
ContinueIteration: true
dAxiomsOfOntology Size : 517526
* MAX AXIOM REACHED:195000
* iterationCount: 3
Axioms.size(): 195000
DesiredSignatures.size(): 159677
ContinueIteration: false
dAxiomsOfOntology Size : 517526
(Extracting New Ontology : 4102 msec.)
--- Stats ---
* Axioms written to File: C:\Users\r01ig15\OneDrive\CodesWS\KnowledgeExtractor.v.1.0\assets\output\snomed_jan17_195000.owl
(Writing New Ontology : 2858 msec.)
RAM Beginning:692563: KB. RAM End:582607: KB. RAM Diff:-109956: KB.
TOTAL PROCESSING TIME : 7393 msec.
--- The End ---
