--- Ontology Traversor ---
Used Memory before: 684504 KB.
Signature : <http://snomed.org/89811004>
Signature : <http://snomed.org/12738006>
(Ontology Loaded to OWLOntology - RAM Beginning:684504: KB. RAM End:663337: KB. RAM Diff:-21167: KB.)
(Loading Ontology by OWLAPI : 306188 msec.)
(Copying Axioms to Hashset - RAM Beginning:684504: KB. RAM End:634459: KB. RAM Diff:-50045: KB.)
(Copying Axioms to Hashset took : 1086 msec.)
AxiomCount in Ontology : 650377
* Desired Axioms: 2
* iterationCount: 1
Axioms.size(): 408
DesiredSignatures.size(): 906
ContinueIteration: true
dAxiomsOfOntology Size : 649969
* MAX AXIOM REACHED:70000
* iterationCount: 2
Axioms.size(): 70000
DesiredSignatures.size(): 906
ContinueIteration: false
dAxiomsOfOntology Size : 649969
(Extracting New Ontology : 3512 msec.)
--- Stats ---
* Axioms written to File: C:\Users\r01ig15\OneDrive\CodesWS\KnowledgeExtractor.v.1.0\assets\output\snomed_jan17_70000.owl
(Writing New Ontology : 1393 msec.)
RAM Beginning:684504: KB. RAM End:456320: KB. RAM Diff:-228184: KB.
TOTAL PROCESSING TIME : 5992 msec.
--- The End ---
