--- Ontology Traversor ---
Used Memory before: 735279 KB.
Signature : <http://snomed.org/89811004>
Signature : <http://snomed.org/12738006>
(Ontology Loaded to OWLOntology - RAM Beginning:735279: KB. RAM End:765734: KB. RAM Diff:30455: KB.)
(Loading Ontology by OWLAPI : 296715 msec.)
(Copying Axioms to Hashset - RAM Beginning:735279: KB. RAM End:859225: KB. RAM Diff:123946: KB.)
(Copying Axioms to Hashset took : 443 msec.)
AxiomCount in Ontology : 650377
* Desired Axioms: 2
* iterationCount: 1
Axioms.size(): 408
DesiredSignatures.size(): 906
ContinueIteration: true
dAxiomsOfOntology Size : 649969
* iterationCount: 2
Axioms.size(): 132851
DesiredSignatures.size(): 159677
ContinueIteration: true
dAxiomsOfOntology Size : 517526
* MAX AXIOM REACHED:280000
* iterationCount: 3
Axioms.size(): 280000
DesiredSignatures.size(): 159677
ContinueIteration: false
dAxiomsOfOntology Size : 517526
(Extracting New Ontology : 4315 msec.)
--- Stats ---
* Axioms written to File: C:\Users\r01ig15\OneDrive\CodesWS\KnowledgeExtractor.v.1.0\assets\output\snomed_jan17_280000.owl
(Writing New Ontology : 3865 msec.)
RAM Beginning:735279: KB. RAM End:535159: KB. RAM Diff:-200120: KB.
TOTAL PROCESSING TIME : 8624 msec.
--- The End ---
