--- Ontology Traversor ---
Used Memory before: 2667 KB.
Signature : <http://snomed.org/89811004>
Signature : <http://snomed.org/12738006>
(Ontology Loaded to OWLOntology - RAM Beginning:2667: KB. RAM End:454520: KB. RAM Diff:451853: KB.)
(Loading Ontology by OWLAPI : 305294 msec.)
(Copying Axioms to Hashset - RAM Beginning:2667: KB. RAM End:511609: KB. RAM Diff:508942: KB.)
(Copying Axioms to Hashset took : 771 msec.)
AxiomCount in Ontology : 650377
* Desired Axioms: 2
* iterationCount: 1
Axioms.size(): 408
DesiredSignatures.size(): 906
ContinueIteration: true
dAxiomsOfOntology Size : 649969
* MAX AXIOM REACHED:1000
* iterationCount: 2
Axioms.size(): 1000
DesiredSignatures.size(): 906
ContinueIteration: false
dAxiomsOfOntology Size : 649969
(Extracting New Ontology : 2233 msec.)
--- Stats ---
* Axioms written to File: C:\Users\r01ig15\OneDrive\CodesWS\KnowledgeExtractor.v.1.0\assets\output\snomed_jan17_1000.owl
(Writing New Ontology : 104 msec.)
RAM Beginning:2667: KB. RAM End:282067: KB. RAM Diff:279400: KB.
TOTAL PROCESSING TIME : 3109 msec.
--- The End ---
