--- Ontology Traversor ---
Used Memory before: 591896 KB.
Signature : <http://snomed.org/89811004>
Signature : <http://snomed.org/12738006>
(Ontology Loaded to OWLOntology - RAM Beginning:591896: KB. RAM End:810403: KB. RAM Diff:218507: KB.)
(Loading Ontology by OWLAPI : 287180 msec.)
(Copying Axioms to Hashset - RAM Beginning:591896: KB. RAM End:904359: KB. RAM Diff:312463: KB.)
(Copying Axioms to Hashset took : 418 msec.)
AxiomCount in Ontology : 650377
* Desired Axioms: 2
* iterationCount: 1
Axioms.size(): 408
DesiredSignatures.size(): 906
ContinueIteration: true
dAxiomsOfOntology Size : 649969
* MAX AXIOM REACHED:90000
* iterationCount: 2
Axioms.size(): 90000
DesiredSignatures.size(): 906
ContinueIteration: false
dAxiomsOfOntology Size : 649969
(Extracting New Ontology : 2944 msec.)
--- Stats ---
* Axioms written to File: C:\Users\r01ig15\OneDrive\CodesWS\KnowledgeExtractor.v.1.0\assets\output\snomed_jan17_90000.owl
(Writing New Ontology : 1402 msec.)
RAM Beginning:591896: KB. RAM End:345309: KB. RAM Diff:-246587: KB.
TOTAL PROCESSING TIME : 4765 msec.
--- The End ---
