--- Ontology Traversor ---
Used Memory before: 522073 KB.
Signature : <http://snomed.org/89811004>
Signature : <http://snomed.org/12738006>
(Ontology Loaded to OWLOntology - RAM Beginning:522073: KB. RAM End:655191: KB. RAM Diff:133118: KB.)
(Loading Ontology by OWLAPI : 281242 msec.)
(Copying Axioms to Hashset - RAM Beginning:522073: KB. RAM End:746298: KB. RAM Diff:224225: KB.)
(Copying Axioms to Hashset took : 450 msec.)
AxiomCount in Ontology : 650377
* Desired Axioms: 2
* iterationCount: 1
Axioms.size(): 408
DesiredSignatures.size(): 906
ContinueIteration: true
dAxiomsOfOntology Size : 649969
* iterationCount: 2
Axioms.size(): 132851
DesiredSignatures.size(): 159677
ContinueIteration: true
dAxiomsOfOntology Size : 517526
* MAX AXIOM REACHED:145000
* iterationCount: 3
Axioms.size(): 145000
DesiredSignatures.size(): 159677
ContinueIteration: false
dAxiomsOfOntology Size : 517526
(Extracting New Ontology : 3726 msec.)
--- Stats ---
* Axioms written to File: C:\Users\r01ig15\OneDrive\CodesWS\KnowledgeExtractor.v.1.0\assets\output\snomed_jan17_145000.owl
(Writing New Ontology : 2348 msec.)
RAM Beginning:522073: KB. RAM End:605387: KB. RAM Diff:83314: KB.
TOTAL PROCESSING TIME : 6525 msec.
--- The End ---
