--- Ontology Traversor ---
Used Memory before: 282067 KB.
Signature : <http://snomed.org/89811004>
Signature : <http://snomed.org/12738006>
(Ontology Loaded to OWLOntology - RAM Beginning:282067: KB. RAM End:487898: KB. RAM Diff:205831: KB.)
(Loading Ontology by OWLAPI : 295350 msec.)
(Copying Axioms to Hashset - RAM Beginning:282067: KB. RAM End:582804: KB. RAM Diff:300737: KB.)
(Copying Axioms to Hashset took : 549 msec.)
AxiomCount in Ontology : 650377
* Desired Axioms: 2
* iterationCount: 1
Axioms.size(): 408
DesiredSignatures.size(): 906
ContinueIteration: true
dAxiomsOfOntology Size : 649969
* MAX AXIOM REACHED:2000
* iterationCount: 2
Axioms.size(): 2000
DesiredSignatures.size(): 906
ContinueIteration: false
dAxiomsOfOntology Size : 649969
(Extracting New Ontology : 2535 msec.)
--- Stats ---
* Axioms written to File: C:\Users\r01ig15\OneDrive\CodesWS\KnowledgeExtractor.v.1.0\assets\output\snomed_jan17_2000.owl
(Writing New Ontology : 93 msec.)
RAM Beginning:282067: KB. RAM End:368032: KB. RAM Diff:85965: KB.
TOTAL PROCESSING TIME : 3177 msec.
--- The End ---
