--- Ontology Traversor ---
Used Memory before: 789523 KB.
Signature : <http://snomed.org/89811004>
Signature : <http://snomed.org/12738006>
(Ontology Loaded to OWLOntology - RAM Beginning:789523: KB. RAM End:1068907: KB. RAM Diff:279384: KB.)
(Loading Ontology by OWLAPI : 294087 msec.)
(Copying Axioms to Hashset - RAM Beginning:789523: KB. RAM End:355562: KB. RAM Diff:-433961: KB.)
(Copying Axioms to Hashset took : 2218 msec.)
AxiomCount in Ontology : 650377
* Desired Axioms: 2
* iterationCount: 1
Axioms.size(): 408
DesiredSignatures.size(): 906
ContinueIteration: true
dAxiomsOfOntology Size : 649969
* iterationCount: 2
Axioms.size(): 132851
DesiredSignatures.size(): 159677
ContinueIteration: true
dAxiomsOfOntology Size : 517526
* iterationCount: 3
Axioms.size(): 388131
DesiredSignatures.size(): 231121
ContinueIteration: true
dAxiomsOfOntology Size : 262246
* MAX AXIOM REACHED:420000
* iterationCount: 4
Axioms.size(): 420000
DesiredSignatures.size(): 231121
ContinueIteration: false
dAxiomsOfOntology Size : 262246
(Extracting New Ontology : 3800 msec.)
--- Stats ---
* Axioms written to File: C:\Users\r01ig15\OneDrive\CodesWS\KnowledgeExtractor.v.1.0\assets\output\snomed_jan17_420000.owl
(Writing New Ontology : 4510 msec.)
RAM Beginning:789523: KB. RAM End:829879: KB. RAM Diff:40356: KB.
TOTAL PROCESSING TIME : 10529 msec.
--- The End ---
