--- Ontology Traversor ---
Used Memory before: 605387 KB.
Signature : <http://snomed.org/89811004>
Signature : <http://snomed.org/12738006>
(Ontology Loaded to OWLOntology - RAM Beginning:605387: KB. RAM End:774522: KB. RAM Diff:169135: KB.)
(Loading Ontology by OWLAPI : 292172 msec.)
(Copying Axioms to Hashset - RAM Beginning:605387: KB. RAM End:872400: KB. RAM Diff:267013: KB.)
(Copying Axioms to Hashset took : 472 msec.)
AxiomCount in Ontology : 650377
* Desired Axioms: 2
* iterationCount: 1
Axioms.size(): 408
DesiredSignatures.size(): 906
ContinueIteration: true
dAxiomsOfOntology Size : 649969
* iterationCount: 2
Axioms.size(): 132851
DesiredSignatures.size(): 159677
ContinueIteration: true
dAxiomsOfOntology Size : 517526
* MAX AXIOM REACHED:150000
* iterationCount: 3
Axioms.size(): 150000
DesiredSignatures.size(): 159677
ContinueIteration: false
dAxiomsOfOntology Size : 517526
(Extracting New Ontology : 4006 msec.)
--- Stats ---
* Axioms written to File: C:\Users\r01ig15\OneDrive\CodesWS\KnowledgeExtractor.v.1.0\assets\output\snomed_jan17_150000.owl
(Writing New Ontology : 2571 msec.)
RAM Beginning:605387: KB. RAM End:503497: KB. RAM Diff:-101890: KB.
TOTAL PROCESSING TIME : 7049 msec.
--- The End ---
