--- Ontology Traversor ---
Used Memory before: 349983 KB.
Signature : <http://snomed.org/89811004>
Signature : <http://snomed.org/12738006>
(Ontology Loaded to OWLOntology - RAM Beginning:349983: KB. RAM End:550936: KB. RAM Diff:200953: KB.)
(Loading Ontology by OWLAPI : 318513 msec.)
(Copying Axioms to Hashset - RAM Beginning:349983: KB. RAM End:644945: KB. RAM Diff:294962: KB.)
(Copying Axioms to Hashset took : 465 msec.)
AxiomCount in Ontology : 650377
* Desired Axioms: 2
* iterationCount: 1
Axioms.size(): 408
DesiredSignatures.size(): 906
ContinueIteration: true
dAxiomsOfOntology Size : 649969
* MAX AXIOM REACHED:5000
* iterationCount: 2
Axioms.size(): 5000
DesiredSignatures.size(): 906
ContinueIteration: false
dAxiomsOfOntology Size : 649969
(Extracting New Ontology : 2640 msec.)
--- Stats ---
* Axioms written to File: C:\Users\r01ig15\OneDrive\CodesWS\KnowledgeExtractor.v.1.0\assets\output\snomed_jan17_5000.owl
(Writing New Ontology : 82 msec.)
RAM Beginning:349983: KB. RAM End:307167: KB. RAM Diff:-42816: KB.
TOTAL PROCESSING TIME : 3188 msec.
--- The End ---
