--- Ontology Traversor ---
Used Memory before: 437312 KB.
Signature : <http://snomed.org/89811004>
Signature : <http://snomed.org/12738006>
(Ontology Loaded to OWLOntology - RAM Beginning:437312: KB. RAM End:945359: KB. RAM Diff:508047: KB.)
(Loading Ontology by OWLAPI : 295901 msec.)
(Copying Axioms to Hashset - RAM Beginning:437312: KB. RAM End:765749: KB. RAM Diff:328437: KB.)
(Copying Axioms to Hashset took : 555 msec.)
AxiomCount in Ontology : 650377
* Desired Axioms: 2
* iterationCount: 1
Axioms.size(): 408
DesiredSignatures.size(): 906
ContinueIteration: true
dAxiomsOfOntology Size : 649969
* iterationCount: 2
Axioms.size(): 132851
DesiredSignatures.size(): 159677
ContinueIteration: true
dAxiomsOfOntology Size : 517526
* iterationCount: 3
Axioms.size(): 388131
DesiredSignatures.size(): 231121
ContinueIteration: true
dAxiomsOfOntology Size : 262246
* MAX AXIOM REACHED:480000
* iterationCount: 4
Axioms.size(): 480000
DesiredSignatures.size(): 231121
ContinueIteration: false
dAxiomsOfOntology Size : 262246
(Extracting New Ontology : 4121 msec.)
--- Stats ---
* Axioms written to File: C:\Users\r01ig15\OneDrive\CodesWS\KnowledgeExtractor.v.1.0\assets\output\snomed_jan17_480000.owl
(Writing New Ontology : 5005 msec.)
RAM Beginning:437312: KB. RAM End:1385514: KB. RAM Diff:948202: KB.
TOTAL PROCESSING TIME : 9682 msec.
--- The End ---
