--- Ontology Traversor ---
Used Memory before: 764174 KB.
Signature : <http://snomed.org/89811004>
Signature : <http://snomed.org/12738006>
(Ontology Loaded to OWLOntology - RAM Beginning:764174: KB. RAM End:636516: KB. RAM Diff:-127658: KB.)
(Loading Ontology by OWLAPI : 297974 msec.)
(Copying Axioms to Hashset - RAM Beginning:764174: KB. RAM End:732499: KB. RAM Diff:-31675: KB.)
(Copying Axioms to Hashset took : 453 msec.)
AxiomCount in Ontology : 650377
* Desired Axioms: 2
* iterationCount: 1
Axioms.size(): 408
DesiredSignatures.size(): 906
ContinueIteration: true
dAxiomsOfOntology Size : 649969
* MAX AXIOM REACHED:45000
* iterationCount: 2
Axioms.size(): 45000
DesiredSignatures.size(): 906
ContinueIteration: false
dAxiomsOfOntology Size : 649969
(Extracting New Ontology : 2873 msec.)
--- Stats ---
* Axioms written to File: C:\Users\r01ig15\OneDrive\CodesWS\KnowledgeExtractor.v.1.0\assets\output\snomed_jan17_45000.owl
(Writing New Ontology : 869 msec.)
RAM Beginning:764174: KB. RAM End:385203: KB. RAM Diff:-378971: KB.
TOTAL PROCESSING TIME : 4195 msec.
--- The End ---
