--- Ontology Traversor ---
--- Type of modules: DCM
Used Memory before: 1222404 KB.
Signature : http://snomed.org/89811004
Signature : http://snomed.org/12738006
Matched 2 entities in the ontology
(Ontology Loaded to OWLOntology - RAM Beginning:1222404: KB. RAM End:614223: KB. RAM Diff:-608181: KB.)
(Copying Axioms to Hashset - RAM Beginning:1222404: KB. RAM End:697078: KB. RAM Diff:-525326: KB.)
(Copying Axioms to Hashset took : 6270 msec.)
(So far Time passed : 82119 msec.)
AxiomCount in Ontology : 623676
* Desired Axioms: 2
* iterationCount: 1
Axioms.size(): 408
DesiredSignatures.size(): 906
ContinueIteration: true
dAxiomsOfOntology Size : 623268
* iterationCount: 2
Axioms.size(): 132848
DesiredSignatures.size(): 159676
ContinueIteration: true
dAxiomsOfOntology Size : 490828
* iterationCount: 3
Axioms.size(): 387912
DesiredSignatures.size(): 231031
ContinueIteration: true
dAxiomsOfOntology Size : 235764
* MAX AXIOM REACHED:398397
* iterationCount: 4
Axioms.size(): 398397
DesiredSignatures.size(): 231031
ContinueIteration: false
dAxiomsOfOntology Size : 235764
(Extracting New Ontology : 2698 msec.)
--- Stats ---
* Axioms written to File: /Users/isa/OneDrive/CodesWS/KnowledgeExtractor.v.1.0/assets/output/DCM-EXT-_snomed_jan17_DCM_398397.owl
(Writing New Ontology : 4915 msec.)
RAM Beginning:1222404: KB. RAM End:1091249: KB. RAM Diff:-131155: KB.
TOTAL PROCESSING TIME : 13884 msec.
--- The End ---
