--- Ontology Traversor ---
--- Type of modules: DRM
Used Memory before: 1161641 KB.
Signature : http://snomed.org/89811004
Signature : http://snomed.org/12738006
Matched 2 entities in the ontology
(Ontology Loaded to OWLOntology - RAM Beginning:1161641: KB. RAM End:1406341: KB. RAM Diff:244700: KB.)
(Copying Axioms to Hashset - RAM Beginning:1161641: KB. RAM End:1279465: KB. RAM Diff:117824: KB.)
(Copying Axioms to Hashset took : 2993 msec.)
(So far Time passed : 76701 msec.)
AxiomCount in Ontology : 650330
* Desired Axioms: 24
* iterationCount: 1
Axioms.size(): 3012
DesiredSignatures.size(): 4888
ContinueIteration: true
dAxiomsOfOntology Size : 647365
* iterationCount: 2
Axioms.size(): 147408
DesiredSignatures.size(): 167039
ContinueIteration: true
dAxiomsOfOntology Size : 502969
* MAX AXIOM REACHED:310916
* iterationCount: 3
Axioms.size(): 310916
DesiredSignatures.size(): 167039
ContinueIteration: false
dAxiomsOfOntology Size : 502969
(Extracting New Ontology : 3491 msec.)
--- Stats ---
* Axioms written to File: /Users/isa/OneDrive/CodesWS/KnowledgeExtractor.v.1.0/assets/output/DRM-EXT-_snomed_jan17_DRM_310916.owl
(Writing New Ontology : 4193 msec.)
RAM Beginning:1161641: KB. RAM End:437595: KB. RAM Diff:-724046: KB.
TOTAL PROCESSING TIME : 10678 msec.
--- The End ---
