--- Ontology Traversor ---
--- Type of modules: DRM
Used Memory before: 1091249 KB.
Signature : http://snomed.org/89811004
Signature : http://snomed.org/12738006
Matched 2 entities in the ontology
(Ontology Loaded to OWLOntology - RAM Beginning:1091249: KB. RAM End:1266368: KB. RAM Diff:175119: KB.)
(Copying Axioms to Hashset - RAM Beginning:1091249: KB. RAM End:1421686: KB. RAM Diff:330437: KB.)
(Copying Axioms to Hashset took : 2737 msec.)
(So far Time passed : 76196 msec.)
AxiomCount in Ontology : 650330
* Desired Axioms: 24
* iterationCount: 1
Axioms.size(): 3012
DesiredSignatures.size(): 4888
ContinueIteration: true
dAxiomsOfOntology Size : 647365
* iterationCount: 2
Axioms.size(): 147408
DesiredSignatures.size(): 167039
ContinueIteration: true
dAxiomsOfOntology Size : 502969
* MAX AXIOM REACHED:398397
* iterationCount: 3
Axioms.size(): 398397
DesiredSignatures.size(): 167039
ContinueIteration: false
dAxiomsOfOntology Size : 502969
(Extracting New Ontology : 2390 msec.)
--- Stats ---
* Axioms written to File: /Users/isa/OneDrive/CodesWS/KnowledgeExtractor.v.1.0/assets/output/DRM-EXT-_snomed_jan17_DRM_398397.owl
(Writing New Ontology : 6695 msec.)
RAM Beginning:1091249: KB. RAM End:610662: KB. RAM Diff:-480587: KB.
TOTAL PROCESSING TIME : 11823 msec.
--- The End ---
