--- Ontology Traversor ---
--- Type of modules: DRM
Used Memory before: 299101 KB.
Signature : http://snomed.org/89811004
Signature : http://snomed.org/12738006
Matched 2 entities in the ontology
(Ontology Loaded to OWLOntology - RAM Beginning:299101: KB. RAM End:658999: KB. RAM Diff:359898: KB.)
(Copying Axioms to Hashset - RAM Beginning:299101: KB. RAM End:621003: KB. RAM Diff:321902: KB.)
(Copying Axioms to Hashset took : 2830 msec.)
(So far Time passed : 76554 msec.)
AxiomCount in Ontology : 650330
* Desired Axioms: 24
* iterationCount: 1
Axioms.size(): 3012
DesiredSignatures.size(): 4888
ContinueIteration: true
dAxiomsOfOntology Size : 647365
* MAX AXIOM REACHED:15286
* iterationCount: 2
Axioms.size(): 15286
DesiredSignatures.size(): 4888
ContinueIteration: false
dAxiomsOfOntology Size : 647365
(Extracting New Ontology : 781 msec.)
--- Stats ---
* Axioms written to File: /Users/isa/OneDrive/CodesWS/KnowledgeExtractor.v.1.0/assets/output/DRM-EXT-_snomed_jan17_DRM_15286.owl
(Writing New Ontology : 257 msec.)
RAM Beginning:299101: KB. RAM End:814509: KB. RAM Diff:515408: KB.
TOTAL PROCESSING TIME : 3869 msec.
--- The End ---
