--- Ontology Traversor ---
--- Type of modules: DRM
Used Memory before: 1061959 KB.
Signature : http://snomed.org/89811004
Signature : http://snomed.org/12738006
Matched 2 entities in the ontology
(Ontology Loaded to OWLOntology - RAM Beginning:1061959: KB. RAM End:378052: KB. RAM Diff:-683907: KB.)
(Copying Axioms to Hashset - RAM Beginning:1061959: KB. RAM End:539296: KB. RAM Diff:-522663: KB.)
(Copying Axioms to Hashset took : 2690 msec.)
(So far Time passed : 79143 msec.)
AxiomCount in Ontology : 650330
* Desired Axioms: 24
* iterationCount: 1
Axioms.size(): 3012
DesiredSignatures.size(): 4888
ContinueIteration: true
dAxiomsOfOntology Size : 647365
* iterationCount: 2
Axioms.size(): 147408
DesiredSignatures.size(): 167039
ContinueIteration: true
dAxiomsOfOntology Size : 502969
* MAX AXIOM REACHED:187203
* iterationCount: 3
Axioms.size(): 187203
DesiredSignatures.size(): 167039
ContinueIteration: false
dAxiomsOfOntology Size : 502969
(Extracting New Ontology : 1910 msec.)
--- Stats ---
* Axioms written to File: /Users/isa/OneDrive/CodesWS/KnowledgeExtractor.v.1.0/assets/output/DRM-EXT-_snomed_jan17_DRM_187203.owl
(Writing New Ontology : 3041 msec.)
RAM Beginning:1061959: KB. RAM End:776184: KB. RAM Diff:-285775: KB.
TOTAL PROCESSING TIME : 7642 msec.
--- The End ---
