--- Ontology Traversor ---
--- Type of modules: LM
Used Memory before: 3387 KB.
Signature : http://snomed.org/89811004
Signature : http://snomed.org/12738006
Matched 2 entities in the ontology
(Ontology Loaded to OWLOntology - RAM Beginning:3387: KB. RAM End:680676: KB. RAM Diff:677289: KB.)
(Copying Axioms to Hashset - RAM Beginning:3387: KB. RAM End:557517: KB. RAM Diff:554130: KB.)
(Copying Axioms to Hashset took : 9192 msec.)
(So far Time passed : 93557 msec.)
AxiomCount in Ontology : 623676
* Desired Axioms: 2
* iterationCount: 1
Axioms.size(): 408
DesiredSignatures.size(): 906
ContinueIteration: true
dAxiomsOfOntology Size : 623268
* MAX AXIOM REACHED:15286
* iterationCount: 2
Axioms.size(): 15286
DesiredSignatures.size(): 906
ContinueIteration: false
dAxiomsOfOntology Size : 623268
(Extracting New Ontology : 3308 msec.)
--- Stats ---
* Axioms written to File: /Users/isa/OneDrive/CodesWS/KnowledgeExtractor.v.1.0/assets/output/LM-EXT-_snomed_jan17_LM_15286.owl
(Writing New Ontology : 602 msec.)
RAM Beginning:3387: KB. RAM End:424133: KB. RAM Diff:420746: KB.
TOTAL PROCESSING TIME : 13103 msec.
--- The End ---
