--- Ontology Traversor ---
--- Type of modules: LM
Used Memory before: 776184 KB.
Signature : http://snomed.org/89811004
Signature : http://snomed.org/12738006
Matched 2 entities in the ontology
(Ontology Loaded to OWLOntology - RAM Beginning:776184: KB. RAM End:803776: KB. RAM Diff:27592: KB.)
(Copying Axioms to Hashset - RAM Beginning:776184: KB. RAM End:1147986: KB. RAM Diff:371802: KB.)
(Copying Axioms to Hashset took : 6601 msec.)
(So far Time passed : 80441 msec.)
AxiomCount in Ontology : 623676
* Desired Axioms: 2
* iterationCount: 1
Axioms.size(): 408
DesiredSignatures.size(): 906
ContinueIteration: true
dAxiomsOfOntology Size : 623268
* iterationCount: 2
Axioms.size(): 132848
DesiredSignatures.size(): 159676
ContinueIteration: true
dAxiomsOfOntology Size : 490828
* MAX AXIOM REACHED:310916
* iterationCount: 3
Axioms.size(): 310916
DesiredSignatures.size(): 159676
ContinueIteration: false
dAxiomsOfOntology Size : 490828
(Extracting New Ontology : 2150 msec.)
--- Stats ---
* Axioms written to File: /Users/isa/OneDrive/CodesWS/KnowledgeExtractor.v.1.0/assets/output/LM-EXT-_snomed_jan17_LM_310916.owl
(Writing New Ontology : 4260 msec.)
RAM Beginning:776184: KB. RAM End:1199319: KB. RAM Diff:423135: KB.
TOTAL PROCESSING TIME : 13012 msec.
--- The End ---
