--- Ontology Traversor ---
--- Type of modules: LM
Used Memory before: 825065 KB.
Signature : http://snomed.org/89811004
Signature : http://snomed.org/12738006
Matched 2 entities in the ontology
(Ontology Loaded to OWLOntology - RAM Beginning:825065: KB. RAM End:374300: KB. RAM Diff:-450765: KB.)
(Copying Axioms to Hashset - RAM Beginning:825065: KB. RAM End:523601: KB. RAM Diff:-301464: KB.)
(Copying Axioms to Hashset took : 6517 msec.)
(So far Time passed : 82266 msec.)
AxiomCount in Ontology : 623676
* Desired Axioms: 2
* iterationCount: 1
Axioms.size(): 408
DesiredSignatures.size(): 906
ContinueIteration: true
dAxiomsOfOntology Size : 623268
* iterationCount: 2
Axioms.size(): 132848
DesiredSignatures.size(): 159676
ContinueIteration: true
dAxiomsOfOntology Size : 490828
* MAX AXIOM REACHED:187203
* iterationCount: 3
Axioms.size(): 187203
DesiredSignatures.size(): 159676
ContinueIteration: false
dAxiomsOfOntology Size : 490828
(Extracting New Ontology : 1699 msec.)
--- Stats ---
* Axioms written to File: /Users/isa/OneDrive/CodesWS/KnowledgeExtractor.v.1.0/assets/output/LM-EXT-_snomed_jan17_LM_187203.owl
(Writing New Ontology : 3180 msec.)
RAM Beginning:825065: KB. RAM End:741938: KB. RAM Diff:-83127: KB.
TOTAL PROCESSING TIME : 11397 msec.
--- The End ---
