--- Ontology Traversor ---
--- Type of modules: LM
Used Memory before: 814509 KB.
Signature : http://snomed.org/89811004
Signature : http://snomed.org/12738006
Matched 2 entities in the ontology
(Ontology Loaded to OWLOntology - RAM Beginning:814509: KB. RAM End:824731: KB. RAM Diff:10222: KB.)
(Copying Axioms to Hashset - RAM Beginning:814509: KB. RAM End:521610: KB. RAM Diff:-292899: KB.)
(Copying Axioms to Hashset took : 8298 msec.)
(So far Time passed : 83983 msec.)
AxiomCount in Ontology : 623676
* Desired Axioms: 2
* iterationCount: 1
Axioms.size(): 408
DesiredSignatures.size(): 906
ContinueIteration: true
dAxiomsOfOntology Size : 623268
* MAX AXIOM REACHED:79793
* iterationCount: 2
Axioms.size(): 79793
DesiredSignatures.size(): 906
ContinueIteration: false
dAxiomsOfOntology Size : 623268
(Extracting New Ontology : 1381 msec.)
--- Stats ---
* Axioms written to File: /Users/isa/OneDrive/CodesWS/KnowledgeExtractor.v.1.0/assets/output/LM-EXT-_snomed_jan17_LM_79793.owl
(Writing New Ontology : 1558 msec.)
RAM Beginning:814509: KB. RAM End:605544: KB. RAM Diff:-208965: KB.
TOTAL PROCESSING TIME : 11237 msec.
--- The End ---
