--- Ontology Traversor ---
--- Type of modules: LUM
Used Memory before: 409166 KB.
Signature : http://snomed.org/89811004
Signature : http://snomed.org/12738006
Matched 2 entities in the ontology
(Ontology Loaded to OWLOntology - RAM Beginning:409166: KB. RAM End:493857: KB. RAM Diff:84691: KB.)
Module size (axioms) Iter 1: 47
Module size (axioms) Iter 2: 2
(Copying Axioms to Hashset - RAM Beginning:409166: KB. RAM End:492721: KB. RAM Diff:83555: KB.)
(Copying Axioms to Hashset took : 2940 msec.)
(So far Time passed : 78931 msec.)
AxiomCount in Ontology : 650375
* Desired Axioms: 2
* iterationCount: 1
Axioms.size(): 408
DesiredSignatures.size(): 906
ContinueIteration: true
dAxiomsOfOntology Size : 649969
* MAX AXIOM REACHED:15286
* iterationCount: 2
Axioms.size(): 15286
DesiredSignatures.size(): 906
ContinueIteration: false
dAxiomsOfOntology Size : 649969
(Extracting New Ontology : 796 msec.)
--- Stats ---
* Axioms written to File: /Users/isa/OneDrive/CodesWS/KnowledgeExtractor.v.1.0/assets/output/LUM-EXT-_snomed_jan17_LUM_15286.owl
(Writing New Ontology : 478 msec.)
RAM Beginning:409166: KB. RAM End:451457: KB. RAM Diff:42291: KB.
TOTAL PROCESSING TIME : 4215 msec.
--- The End ---
