--- Ontology Traversor ---
--- Type of modules: LUM
Used Memory before: 885745 KB.
Signature : http://snomed.org/89811004
Signature : http://snomed.org/12738006
Matched 2 entities in the ontology
(Ontology Loaded to OWLOntology - RAM Beginning:885745: KB. RAM End:574737: KB. RAM Diff:-311008: KB.)
Module size (axioms) Iter 1: 47
Module size (axioms) Iter 2: 2
(Copying Axioms to Hashset - RAM Beginning:885745: KB. RAM End:736243: KB. RAM Diff:-149502: KB.)
(Copying Axioms to Hashset took : 2807 msec.)
(So far Time passed : 78823 msec.)
AxiomCount in Ontology : 650375
* Desired Axioms: 2
* iterationCount: 1
Axioms.size(): 408
DesiredSignatures.size(): 906
ContinueIteration: true
dAxiomsOfOntology Size : 649969
* iterationCount: 2
Axioms.size(): 132851
DesiredSignatures.size(): 159677
ContinueIteration: true
dAxiomsOfOntology Size : 517526
* MAX AXIOM REACHED:310916
* iterationCount: 3
Axioms.size(): 310916
DesiredSignatures.size(): 159677
ContinueIteration: false
dAxiomsOfOntology Size : 517526
(Extracting New Ontology : 2648 msec.)
--- Stats ---
* Axioms written to File: /Users/isa/OneDrive/CodesWS/KnowledgeExtractor.v.1.0/assets/output/LUM-EXT-_snomed_jan17_LUM_310916.owl
(Writing New Ontology : 4126 msec.)
RAM Beginning:885745: KB. RAM End:862681: KB. RAM Diff:-23064: KB.
TOTAL PROCESSING TIME : 9582 msec.
--- The End ---
