--- Ontology Traversor ---
--- Type of modules: LUM
Used Memory before: 396300 KB.
Signature : http://snomed.org/89811004
Signature : http://snomed.org/12738006
Matched 2 entities in the ontology
(Ontology Loaded to OWLOntology - RAM Beginning:396300: KB. RAM End:750065: KB. RAM Diff:353765: KB.)
Module size (axioms) Iter 1: 47
Module size (axioms) Iter 2: 2
(Copying Axioms to Hashset - RAM Beginning:396300: KB. RAM End:912013: KB. RAM Diff:515713: KB.)
(Copying Axioms to Hashset took : 2823 msec.)
(So far Time passed : 76900 msec.)
AxiomCount in Ontology : 650375
* Desired Axioms: 2
* iterationCount: 1
Axioms.size(): 408
DesiredSignatures.size(): 906
ContinueIteration: true
dAxiomsOfOntology Size : 649969
* iterationCount: 2
Axioms.size(): 132851
DesiredSignatures.size(): 159677
ContinueIteration: true
dAxiomsOfOntology Size : 517526
* MAX AXIOM REACHED:187203
* iterationCount: 3
Axioms.size(): 187203
DesiredSignatures.size(): 159677
ContinueIteration: false
dAxiomsOfOntology Size : 517526
(Extracting New Ontology : 1897 msec.)
--- Stats ---
* Axioms written to File: /Users/isa/OneDrive/CodesWS/KnowledgeExtractor.v.1.0/assets/output/LUM-EXT-_snomed_jan17_LUM_187203.owl
(Writing New Ontology : 3050 msec.)
RAM Beginning:396300: KB. RAM End:1051417: KB. RAM Diff:655117: KB.
TOTAL PROCESSING TIME : 7772 msec.
--- The End ---
