--- Ontology Traversor ---
--- Type of modules: ULM
Used Memory before: 1051417 KB.
Signature : http://snomed.org/89811004
Signature : http://snomed.org/12738006
Matched 2 entities in the ontology
(Ontology Loaded to OWLOntology - RAM Beginning:1051417: KB. RAM End:649572: KB. RAM Diff:-401845: KB.)
Module size (axioms) Iter 1: 623676
Module size (axioms) Iter 2: 42
(Copying Axioms to Hashset - RAM Beginning:1051417: KB. RAM End:780271: KB. RAM Diff:-271146: KB.)
(Copying Axioms to Hashset took : 9700 msec.)
(So far Time passed : 85176 msec.)
AxiomCount in Ontology : 650335
* Desired Axioms: 22
* iterationCount: 1
Axioms.size(): 2986
DesiredSignatures.size(): 4869
ContinueIteration: true
dAxiomsOfOntology Size : 647391
* iterationCount: 2
Axioms.size(): 147133
DesiredSignatures.size(): 166860
ContinueIteration: true
dAxiomsOfOntology Size : 503244
* MAX AXIOM REACHED:187203
* iterationCount: 3
Axioms.size(): 187203
DesiredSignatures.size(): 166860
ContinueIteration: false
dAxiomsOfOntology Size : 503244
(Extracting New Ontology : 1943 msec.)
--- Stats ---
* Axioms written to File: /Users/isa/OneDrive/CodesWS/KnowledgeExtractor.v.1.0/assets/output/ULM-EXT-_snomed_jan17_ULM_187203.owl
(Writing New Ontology : 3152 msec.)
RAM Beginning:1051417: KB. RAM End:922803: KB. RAM Diff:-128614: KB.
TOTAL PROCESSING TIME : 14796 msec.
--- The End ---
