--- Ontology Traversor ---
--- Type of modules: ULM
Used Memory before: 451457 KB.
Signature : http://snomed.org/89811004
Signature : http://snomed.org/12738006
Matched 2 entities in the ontology
(Ontology Loaded to OWLOntology - RAM Beginning:451457: KB. RAM End:879173: KB. RAM Diff:427716: KB.)
Module size (axioms) Iter 1: 623676
Module size (axioms) Iter 2: 42
(Copying Axioms to Hashset - RAM Beginning:451457: KB. RAM End:558614: KB. RAM Diff:107157: KB.)
(Copying Axioms to Hashset took : 12550 msec.)
(So far Time passed : 86245 msec.)
AxiomCount in Ontology : 650335
* Desired Axioms: 22
* iterationCount: 1
Axioms.size(): 2986
DesiredSignatures.size(): 4869
ContinueIteration: true
dAxiomsOfOntology Size : 647391
* MAX AXIOM REACHED:15286
* iterationCount: 2
Axioms.size(): 15286
DesiredSignatures.size(): 4869
ContinueIteration: false
dAxiomsOfOntology Size : 647391
(Extracting New Ontology : 793 msec.)
--- Stats ---
* Axioms written to File: /Users/isa/OneDrive/CodesWS/KnowledgeExtractor.v.1.0/assets/output/ULM-EXT-_snomed_jan17_ULM_15286.owl
(Writing New Ontology : 242 msec.)
RAM Beginning:451457: KB. RAM End:752005: KB. RAM Diff:300548: KB.
TOTAL PROCESSING TIME : 13586 msec.
--- The End ---
