--- Ontology Traversor ---
--- Type of modules: ULM
Used Memory before: 862681 KB.
Signature : http://snomed.org/89811004
Signature : http://snomed.org/12738006
Matched 2 entities in the ontology
(Ontology Loaded to OWLOntology - RAM Beginning:862681: KB. RAM End:1347562: KB. RAM Diff:484881: KB.)
Module size (axioms) Iter 1: 623676
Module size (axioms) Iter 2: 42
(Copying Axioms to Hashset - RAM Beginning:862681: KB. RAM End:1592333: KB. RAM Diff:729652: KB.)
(Copying Axioms to Hashset took : 9368 msec.)
(So far Time passed : 83213 msec.)
AxiomCount in Ontology : 650335
* Desired Axioms: 22
* iterationCount: 1
Axioms.size(): 2986
DesiredSignatures.size(): 4869
ContinueIteration: true
dAxiomsOfOntology Size : 647391
* iterationCount: 2
Axioms.size(): 147133
DesiredSignatures.size(): 166860
ContinueIteration: true
dAxiomsOfOntology Size : 503244
* MAX AXIOM REACHED:310916
* iterationCount: 3
Axioms.size(): 310916
DesiredSignatures.size(): 166860
ContinueIteration: false
dAxiomsOfOntology Size : 503244
(Extracting New Ontology : 3321 msec.)
--- Stats ---
* Axioms written to File: /Users/isa/OneDrive/CodesWS/KnowledgeExtractor.v.1.0/assets/output/ULM-EXT-_snomed_jan17_ULM_310916.owl
(Writing New Ontology : 4203 msec.)
RAM Beginning:862681: KB. RAM End:597515: KB. RAM Diff:-265166: KB.
TOTAL PROCESSING TIME : 16894 msec.
--- The End ---
