--- Ontology Traversor ---
--- Type of modules: UM
Used Memory before: 1402285 KB.
Signature : http://snomed.org/89811004
Signature : http://snomed.org/12738006
Matched 2 entities in the ontology
(Ontology Loaded to OWLOntology - RAM Beginning:1402285: KB. RAM End:677628: KB. RAM Diff:-724657: KB.)
(Copying Axioms to Hashset - RAM Beginning:1402285: KB. RAM End:838835: KB. RAM Diff:-563450: KB.)
(Copying Axioms to Hashset took : 2713 msec.)
(So far Time passed : 78694 msec.)
AxiomCount in Ontology : 650330
* Desired Axioms: 24
* iterationCount: 1
Axioms.size(): 3012
DesiredSignatures.size(): 4888
ContinueIteration: true
dAxiomsOfOntology Size : 647365
* iterationCount: 2
Axioms.size(): 147408
DesiredSignatures.size(): 167039
ContinueIteration: true
dAxiomsOfOntology Size : 502969
* MAX AXIOM REACHED:398397
* iterationCount: 3
Axioms.size(): 398397
DesiredSignatures.size(): 167039
ContinueIteration: false
dAxiomsOfOntology Size : 502969
(Extracting New Ontology : 2871 msec.)
--- Stats ---
* Axioms written to File: /Users/isa/OneDrive/CodesWS/KnowledgeExtractor.v.1.0/assets/output/UM-EXT-_snomed_jan17_UM_398397.owl
(Writing New Ontology : 4945 msec.)
RAM Beginning:1402285: KB. RAM End:939350: KB. RAM Diff:-462935: KB.
TOTAL PROCESSING TIME : 10530 msec.
--- The End ---
