--- Ontology Traversor ---
--- Type of modules: UM
Used Memory before: 741938 KB.
Signature : http://snomed.org/89811004
Signature : http://snomed.org/12738006
Matched 2 entities in the ontology
(Ontology Loaded to OWLOntology - RAM Beginning:741938: KB. RAM End:1123654: KB. RAM Diff:381716: KB.)
(Copying Axioms to Hashset - RAM Beginning:741938: KB. RAM End:1283598: KB. RAM Diff:541660: KB.)
(Copying Axioms to Hashset took : 2775 msec.)
(So far Time passed : 76745 msec.)
AxiomCount in Ontology : 650330
* Desired Axioms: 24
* iterationCount: 1
Axioms.size(): 3012
DesiredSignatures.size(): 4888
ContinueIteration: true
dAxiomsOfOntology Size : 647365
* iterationCount: 2
Axioms.size(): 147408
DesiredSignatures.size(): 167039
ContinueIteration: true
dAxiomsOfOntology Size : 502969
* MAX AXIOM REACHED:187203
* iterationCount: 3
Axioms.size(): 187203
DesiredSignatures.size(): 167039
ContinueIteration: false
dAxiomsOfOntology Size : 502969
(Extracting New Ontology : 3266 msec.)
--- Stats ---
* Axioms written to File: /Users/isa/OneDrive/CodesWS/KnowledgeExtractor.v.1.0/assets/output/UM-EXT-_snomed_jan17_UM_187203.owl
(Writing New Ontology : 3200 msec.)
RAM Beginning:741938: KB. RAM End:396300: KB. RAM Diff:-345638: KB.
TOTAL PROCESSING TIME : 9242 msec.
--- The End ---
