--- Ontology Traversor ---
--- Type of modules: UM
Used Memory before: 424133 KB.
Signature : http://snomed.org/89811004
Signature : http://snomed.org/12738006
Matched 2 entities in the ontology
(Ontology Loaded to OWLOntology - RAM Beginning:424133: KB. RAM End:682908: KB. RAM Diff:258775: KB.)
(Copying Axioms to Hashset - RAM Beginning:424133: KB. RAM End:401550: KB. RAM Diff:-22583: KB.)
(Copying Axioms to Hashset took : 4795 msec.)
(So far Time passed : 82203 msec.)
AxiomCount in Ontology : 650330
* Desired Axioms: 24
* iterationCount: 1
Axioms.size(): 3012
DesiredSignatures.size(): 4888
ContinueIteration: true
dAxiomsOfOntology Size : 647365
* MAX AXIOM REACHED:15286
* iterationCount: 2
Axioms.size(): 15286
DesiredSignatures.size(): 4888
ContinueIteration: false
dAxiomsOfOntology Size : 647365
(Extracting New Ontology : 743 msec.)
--- Stats ---
* Axioms written to File: /Users/isa/OneDrive/CodesWS/KnowledgeExtractor.v.1.0/assets/output/UM-EXT-_snomed_jan17_UM_15286.owl
(Writing New Ontology : 469 msec.)
RAM Beginning:424133: KB. RAM End:409166: KB. RAM Diff:-14967: KB.
TOTAL PROCESSING TIME : 6008 msec.
--- The End ---
